     BRANCHING CHAIN
     =======


     INPUT DATA
     ----------
     DARCY FLUX                    Q  :  1.00000000E-02
     POROSITY                    POR  :  1.00000000E-01
     BULK DENSITY               RHOB  :  1.00000000E+00
     TOTAL NUMBER OF LEVELS  NLEVELS  :  2

     SPECIES                          :  1
     DISPERSION COEFFICIENT,       D  :  1.80000000E-01
     SORPTION COEFFICIENT,         KD :  0.00000000E+00
     LAMDA1 (DISSOLVED PHASE)         :  5.00000000E-03
     LAMDA2 (SORBED PHASE)            :  5.00000000E-03
     LEVEL                            :  0
     NUMBER OF PARENTS           NUMP :  0
     SPECIES NO. OF PARENTS        ID :  0

     SPECIES                          :  2
     DISPERSION COEFFICIENT,       D  :  1.80000000E-01
     SORPTION COEFFICIENT,         KD :  0.00000000E+00
     LAMDA1 (DISSOLVED PHASE)         :  3.00000000E-03
     LAMDA2 (SORBED PHASE)            :  3.00000000E-03
     LEVEL                            :  0
     NUMBER OF PARENTS           NUMP :  0
     SPECIES NO. OF PARENTS        ID :  0

     SPECIES                          :  3
     DISPERSION COEFFICIENT,       D  :  1.80000000E-01
     SORPTION COEFFICIENT,         KD :  0.00000000E+00
     LAMDA1 (DISSOLVED PHASE)         :  1.50000000E-03
     LAMDA2 (SORBED PHASE)            :  1.50000000E-03
     LEVEL                            :  1
     NUMBER OF PARENTS           NUMP :  2
     SPECIES NO. OF PARENTS        ID :  1
     SPECIES NO. OF PARENTS        ID :  2

     SPECIES                          :  4
     DISPERSION COEFFICIENT,       D  :  1.80000000E-01
     SORPTION COEFFICIENT,         KD :  0.00000000E+00
     LAMDA1 (DISSOLVED PHASE)         :  2.00000000E-03
     LAMDA2 (SORBED PHASE)            :  1.00000000E-03
     LEVEL                            :  2
     NUMBER OF PARENTS           NUMP :  1
     SPECIES NO. OF PARENTS        ID :  3

     SPECIES                          :  5
     DISPERSION COEFFICIENT,       D  :  1.80000000E-01
     SORPTION COEFFICIENT,         KD :  0.00000000E+00
     LAMDA1 (DISSOLVED PHASE)         :  1.00000000E-03
     LAMDA2 (SORBED PHASE)            :  1.00000000E-03
     LEVEL                            :  2
     NUMBER OF PARENTS           NUMP :  1
     SPECIES NO. OF PARENTS        ID :  3

     YIELD COEFFICIENTS (Y) AND FRACTION (ETA)
     SPECIES  1 - SPECIES  3         :  1.00000000E+00         1.00000000E+00
     SPECIES  2 - SPECIES  3         :  1.00000000E+00         1.00000000E+00
     SPECIES  3 - SPECIES  4         :  1.00000000E+00         6.00000000E-01
     SPECIES  3 - SPECIES  5         :  1.00000000E+00         4.00000000E-01

     INFLOW BOUNDARY CONDITION DATA
     ------------------------------
     INFLOW BOUNDARY CONDITION TYPE   1


     CONSTRUCTED INFLOW CONCENTRATION HISTOGRAM (species  1)
               TIME INTERVAL           CONCENTRATION
     ------------------------------------------------
      0.000000E+00 --> INFINITY         1.000000E+00

     INFLOW BOUNDARY CONDITION DATA
     ------------------------------
     INFLOW BOUNDARY CONDITION TYPE   1


     CONSTRUCTED INFLOW CONCENTRATION HISTOGRAM (species  2)
               TIME INTERVAL           CONCENTRATION
     ------------------------------------------------
      0.000000E+00 --> INFINITY         1.000000E+00

     INFLOW BOUNDARY CONDITION DATA
     ------------------------------
     INFLOW BOUNDARY CONDITION TYPE   1


     CONSTRUCTED INFLOW CONCENTRATION HISTOGRAM (species  3)
               TIME INTERVAL           CONCENTRATION
     ------------------------------------------------
      0.000000E+00 --> INFINITY         0.000000E+00

     INFLOW BOUNDARY CONDITION DATA
     ------------------------------
     INFLOW BOUNDARY CONDITION TYPE   1


     CONSTRUCTED INFLOW CONCENTRATION HISTOGRAM (species  4)
               TIME INTERVAL           CONCENTRATION
     ------------------------------------------------
      0.000000E+00 --> INFINITY         0.000000E+00

     INFLOW BOUNDARY CONDITION DATA
     ------------------------------
     INFLOW BOUNDARY CONDITION TYPE   1


     CONSTRUCTED INFLOW CONCENTRATION HISTOGRAM (species  5)
               TIME INTERVAL           CONCENTRATION
     ------------------------------------------------
      0.000000E+00 --> INFINITY         0.000000E+00

     CONCENTRATION PROFILE AT TIME   :  2.00000000E+02

          X                C(X,T)
     ------------------------------------------------------------
     0.00000000E+00   1.00010001E+00   1.00010001E+00   0.00000000E+00   1.43350240E-13   3.03996779E-14
     1.00000000E+00   9.54701522E-01   9.71511936E-01   7.00261367E-02   1.16393085E-03   7.96530418E-04
     2.00000000E+00   9.11172631E-01   9.43445282E-01   1.35718954E-01   2.77679935E-03   1.90274389E-03
     3.00000000E+00   8.69364096E-01   9.15783899E-01   1.97045087E-01   4.77456510E-03   3.27695819E-03
     4.00000000E+00   8.29120118E-01   8.88394410E-01   2.53924550E-01   7.09004893E-03   4.87476880E-03
     5.00000000E+00   7.90278751E-01   8.61126952E-01   3.06231522E-01   9.65273220E-03   6.64890750E-03
     6.00000000E+00   7.52673266E-01   8.33817402E-01   3.53797959E-01   1.23888683E-02   8.54932499E-03
     7.00000000E+00   7.16134589E-01   8.06291309E-01   3.96420545E-01   1.52219699E-02   1.05235440E-02
     8.00000000E+00   6.80494877E-01   7.78369634E-01   4.33871253E-01   1.80737150E-02   1.25173158E-02
     9.00000000E+00   6.45592191E-01   7.49876265E-01   4.65911556E-01   2.08652884E-02   1.44755913E-02
     1.00000000E+01   6.11276100E-01   7.20647053E-01   4.92309924E-01   2.35191347E-02   1.63437935E-02
     1.10000000E+01   5.77413928E-01   6.90539964E-01   5.12861908E-01   2.59610612E-02   1.80693457E-02
     1.20000000E+01   5.43897230E-01   6.59445685E-01   5.27411695E-01   2.81225832E-02   1.96033799E-02
     1.30000000E+01   5.10648002E-01   6.27297937E-01   5.35873708E-01   2.99433680E-02   2.09025229E-02
     1.40000000E+01   4.77624044E-01   5.94082588E-01   5.38252607E-01   3.13736031E-02   2.19306349E-02
     1.50000000E+01   4.44822928E-01   5.59844682E-01   5.34659939E-01   3.23761015E-02   2.26603643E-02
     1.60000000E+01   4.12284044E-01   5.24692562E-01   5.25325820E-01   3.29279562E-02   2.30743850E-02
     1.70000000E+01   3.80088350E-01   4.88798439E-01   5.10604251E-01   3.30215833E-02   2.31661983E-02
     1.80000000E+01   3.48355595E-01   4.52395038E-01   4.90971181E-01   3.26650286E-02   2.29404075E-02
     1.90000000E+01   3.17239026E-01   4.15768253E-01   4.67014938E-01   3.18814729E-02   2.24124176E-02
     2.00000000E+01   2.86917794E-01   3.79246117E-01   4.39419353E-01   3.07079340E-02   2.16075560E-02
     2.10000000E+01   2.57587510E-01   3.43184733E-01   4.08940520E-01   2.91932350E-02   2.05596617E-02
     2.20000000E+01   2.29449588E-01   3.07952103E-01   3.76378722E-01   2.73953689E-02   1.93092359E-02
     2.30000000E+01   2.02700113E-01   2.73910993E-01   3.42547507E-01   2.53784447E-02   1.79012833E-02
     2.40000000E+01   1.77519063E-01   2.41402094E-01   3.08242114E-01   2.32094303E-02   1.63829995E-02
     2.50000000E+01   1.54060647E-01   2.10728666E-01   2.74209516E-01   2.09549221E-02   1.48014688E-02
     2.60000000E+01   1.32445433E-01   1.82143754E-01   2.41122106E-01   1.86781588E-02   1.32015275E-02
     2.70000000E+01   1.12754773E-01   1.55840768E-01   2.09556716E-01   1.64364674E-02   1.16239289E-02
     2.80000000E+01   9.50278037E-02   1.31947933E-01   1.79980090E-01   1.42792806E-02   1.01039123E-02
     2.90000000E+01   7.92610774E-02   1.10526759E-01   1.52741358E-01   1.22468077E-02   8.67023377E-03
     3.00000000E+01   6.54106720E-02   9.15743278E-02   1.28071413E-01   1.03693831E-02   7.34468026E-03
     3.10000000E+01   5.33964092E-02   7.50289052E-02   1.06088586E-01   8.66745633E-03   6.14204052E-03
     3.20000000E+01   4.31076988E-02   6.07781761E-02   8.68095303E-02   7.15214185E-03   5.07047787E-03
     3.30000000E+01   3.44104330E-02   4.86692467E-02   7.01639616E-02   5.82621400E-03   4.13222206E-03
     3.40000000E+01   2.71543448E-02   3.85195340E-02   5.60117743E-02   4.68541051E-03   3.32448485E-03
     3.50000000E+01   2.11802803E-02   3.01277067E-02   4.41610565E-02   3.71990694E-03   2.64050038E-03
     3.60000000E+01   1.63269214E-02   2.32839544E-02   3.43857034E-02   2.91583232E-03   2.07059840E-03
     3.70000000E+01   1.24366087E-02   1.77790329E-02   2.64415623E-02   2.25671664E-03   1.60323154E-03
     3.80000000E+01   9.36003993E-03   1.34117156E-02   2.00803488E-02   1.72478627E-03   1.22589686E-03
     3.90000000E+01   6.95974612E-03   9.99447182E-03   1.50608859E-02   1.30205243E-03   9.25911720E-04
     4.00000000E+01   5.11235790E-03   7.35735925E-03   1.11575106E-02   9.71165385E-04   6.91024034E-04
     4.10000000E+01   3.70976153E-03   5.35025491E-03   8.16573923E-03   7.16031120E-04   5.09854231E-04
     4.20000000E+01   2.65930700E-03   3.84364628E-03   5.90546707E-03   5.22206609E-04   3.72179862E-04
     4.30000000E+01   1.88326391E-03   2.72826008E-03   4.22209804E-03   3.77102839E-04   2.69083357E-04
     4.40000000E+01   1.31773079E-03   1.91382710E-03   2.98605692E-03   2.70032138E-04   1.92988736E-04
     4.50000000E+01   9.11193323E-04   1.32727049E-03   2.09114004E-03   1.92138694E-04   1.37614828E-04
     4.60000000E+01   6.22903242E-04   9.10573549E-04   1.45212495E-03   1.36249406E-04   9.78713673E-05
     4.70000000E+01   4.21217447E-04   6.18537826E-04   1.00199762E-03   9.66777838E-05   6.97212491E-05
     4.80000000E+01   2.82002010E-04   4.16592304E-04   6.89080851E-04   6.90075629E-05   5.00279590E-05
     4.90000000E+01   1.87171894E-04   2.78764935E-04   4.74270925E-04   4.98762008E-05   3.64025687E-05
     5.00000000E+01   1.23407404E-04   1.85883823E-04   3.28518130E-04   3.67721431E-05   2.70602437E-05
