     BRANCHING CHAIN
     =======


     INPUT DATA
     ----------
     DARCY FLUX                    Q  :  1.00000000E-02
     POROSITY                    POR  :  1.00000000E-01
     BULK DENSITY               RHOB  :  1.00000000E+00
     TOTAL NUMBER OF LEVELS  NLEVELS  :  2

     SPECIES                          :  1
     DISPERSION COEFFICIENT,       D  :  1.80000000E-01
     SORPTION COEFFICIENT,         KD :  0.00000000E+00
     LAMDA1 (DISSOLVED PHASE)         :  6.93000000E-03
     LAMDA2 (SORBED PHASE)            :  6.93000000E-03
     LEVEL                            :  0
     NUMBER OF PARENTS           NUMP :  0
     SPECIES NO. OF PARENTS        ID :  0

     SPECIES                          :  2
     DISPERSION COEFFICIENT,       D  :  1.80000000E-01
     SORPTION COEFFICIENT,         KD :  0.00000000E+00
     LAMDA1 (DISSOLVED PHASE)         :  3.47000000E-03
     LAMDA2 (SORBED PHASE)            :  3.47000000E-03
     LEVEL                            :  0
     NUMBER OF PARENTS           NUMP :  0
     SPECIES NO. OF PARENTS        ID :  0

     SPECIES                          :  3
     DISPERSION COEFFICIENT,       D  :  1.80000000E-01
     SORPTION COEFFICIENT,         KD :  0.00000000E+00
     LAMDA1 (DISSOLVED PHASE)         :  1.16000000E-03
     LAMDA2 (SORBED PHASE)            :  1.16000000E-03
     LEVEL                            :  0
     NUMBER OF PARENTS           NUMP :  0
     SPECIES NO. OF PARENTS        ID :  0

     SPECIES                          :  4
     DISPERSION COEFFICIENT,       D  :  1.80000000E-01
     SORPTION COEFFICIENT,         KD :  0.00000000E+00
     LAMDA1 (DISSOLVED PHASE)         :  1.00000000E-03
     LAMDA2 (SORBED PHASE)            :  1.00000000E-03
     LEVEL                            :  1
     NUMBER OF PARENTS           NUMP :  3
     SPECIES NO. OF PARENTS        ID :  1
     SPECIES NO. OF PARENTS        ID :  2
     SPECIES NO. OF PARENTS        ID :  3

     YIELD COEFFICIENTS (Y) AND FRACTION (ETA)
     SPECIES  1 - SPECIES  4         :  1.00000000E+00         1.00000000E+00
     SPECIES  2 - SPECIES  4         :  1.00000000E+00         1.00000000E+00
     SPECIES  3 - SPECIES  4         :  1.00000000E+00         1.00000000E+00

     INFLOW BOUNDARY CONDITION DATA
     ------------------------------
     INFLOW BOUNDARY CONDITION TYPE   1


     CONSTRUCTED INFLOW CONCENTRATION HISTOGRAM (species  1)
               TIME INTERVAL           CONCENTRATION
     ------------------------------------------------
      0.000000E+00 --> INFINITY         1.000000E+00

     INFLOW BOUNDARY CONDITION DATA
     ------------------------------
     INFLOW BOUNDARY CONDITION TYPE   1


     CONSTRUCTED INFLOW CONCENTRATION HISTOGRAM (species  2)
               TIME INTERVAL           CONCENTRATION
     ------------------------------------------------
      0.000000E+00 --> INFINITY         1.000000E+00

     INFLOW BOUNDARY CONDITION DATA
     ------------------------------
     INFLOW BOUNDARY CONDITION TYPE   1


     CONSTRUCTED INFLOW CONCENTRATION HISTOGRAM (species  3)
               TIME INTERVAL           CONCENTRATION
     ------------------------------------------------
      0.000000E+00 --> INFINITY         1.000000E+00

     INFLOW BOUNDARY CONDITION DATA
     ------------------------------
     INFLOW BOUNDARY CONDITION TYPE   1


     CONSTRUCTED INFLOW CONCENTRATION HISTOGRAM (species  4)
               TIME INTERVAL           CONCENTRATION
     ------------------------------------------------
      0.000000E+00 --> INFINITY         0.000000E+00

     CONCENTRATION PROFILE AT TIME   :  6.00000000E+02

          X                C(X,T)
     ------------------------------------------------------------
     0.00000000E+00   1.00010001E+00   1.00010001E+00   1.00010001E+00   7.93436543E-14
     1.00000000E+00   9.39684426E-01   9.67860386E-01   9.88795425E-01   1.01785029E-01
     2.00000000E+00   8.82918512E-01   9.36659990E-01   9.77618355E-01   1.97857005E-01
     3.00000000E+00   8.29581791E-01   9.06465293E-01   9.66567244E-01   2.88521563E-01
     4.00000000E+00   7.79467103E-01   8.77243840E-01   9.55640514E-01   3.74067101E-01
     5.00000000E+00   7.32379801E-01   8.48964210E-01   9.44836554E-01   4.54765728E-01
     6.00000000E+00   6.88136994E-01   8.21595978E-01   9.34153704E-01   5.30874148E-01
     7.00000000E+00   6.46566840E-01   7.95109682E-01   9.23590236E-01   6.02634479E-01
     8.00000000E+00   6.07507870E-01   7.69476783E-01   9.13144339E-01   6.70275012E-01
     9.00000000E+00   5.70808371E-01   7.44669633E-01   9.02814088E-01   7.34010896E-01
     1.00000000E+01   5.36325788E-01   7.20661434E-01   8.92597414E-01   7.94044773E-01
     1.10000000E+01   5.03926172E-01   6.97426207E-01   8.82492074E-01   8.50567346E-01
     1.20000000E+01   4.73483659E-01   6.74938753E-01   8.72495601E-01   9.03757886E-01
     1.30000000E+01   4.44879981E-01   6.53174614E-01   8.62605265E-01   9.53784681E-01
     1.40000000E+01   4.18004005E-01   6.32110039E-01   8.52818009E-01   1.00080542E+00
     1.50000000E+01   3.92751301E-01   6.11721944E-01   8.43130394E-01   1.04496755E+00
     1.60000000E+01   3.69023732E-01   5.91987870E-01   8.33538525E-01   1.08640848E+00
     1.70000000E+01   3.46729074E-01   5.72885950E-01   8.24037972E-01   1.12525590E+00
     1.80000000E+01   3.25780657E-01   5.54394861E-01   8.14623692E-01   1.16162785E+00
     1.90000000E+01   3.06097025E-01   5.36493788E-01   8.05289929E-01   1.19563289E+00
     2.00000000E+01   2.87601620E-01   5.19162381E-01   7.96030126E-01   1.22737017E+00
     2.10000000E+01   2.70222478E-01   5.02380714E-01   7.86836815E-01   1.25692940E+00
     2.20000000E+01   2.53891957E-01   4.86129242E-01   7.77701520E-01   1.28439095E+00
     2.30000000E+01   2.38546463E-01   4.70388765E-01   7.68614649E-01   1.30982574E+00
     2.40000000E+01   2.24126211E-01   4.55140388E-01   7.59565395E-01   1.33329523E+00
     2.50000000E+01   2.10574986E-01   4.40365482E-01   7.50541639E-01   1.35485140E+00
     2.60000000E+01   1.97839924E-01   4.26045656E-01   7.41529866E-01   1.37453671E+00
     2.70000000E+01   1.85871312E-01   4.12162725E-01   7.32515096E-01   1.39238409E+00
     2.80000000E+01   1.74622392E-01   3.98698688E-01   7.23480828E-01   1.40841704E+00
     2.90000000E+01   1.64049182E-01   3.85635711E-01   7.14409014E-01   1.42264968E+00
     3.00000000E+01   1.54110307E-01   3.72956117E-01   7.05280063E-01   1.43508700E+00
     3.10000000E+01   1.44766842E-01   3.60642383E-01   6.96072870E-01   1.44572512E+00
     3.20000000E+01   1.35982168E-01   3.48677149E-01   6.86764899E-01   1.45455170E+00
     3.30000000E+01   1.27721831E-01   3.37043239E-01   6.77332296E-01   1.46154652E+00
     3.40000000E+01   1.19953418E-01   3.25723687E-01   6.67750055E-01   1.46668211E+00
     3.50000000E+01   1.12646439E-01   3.14701779E-01   6.57992238E-01   1.46992466E+00
     3.60000000E+01   1.05772217E-01   3.03961105E-01   6.48032244E-01   1.47123498E+00
     3.70000000E+01   9.93037889E-02   2.93485626E-01   6.37843126E-01   1.47056974E+00
     3.80000000E+01   9.32158094E-02   2.83259746E-01   6.27397971E-01   1.46788275E+00
     3.90000000E+01   8.74844672E-02   2.73268403E-01   6.16670320E-01   1.46312653E+00
     4.00000000E+01   8.20874048E-02   2.63497157E-01   6.05634632E-01   1.45625393E+00
     4.10000000E+01   7.70036446E-02   2.53932298E-01   5.94266793E-01   1.44721992E+00
     4.20000000E+01   7.22135216E-02   2.44560951E-01   5.82544643E-01   1.43598343E+00
     4.30000000E+01   6.76986196E-02   2.35371185E-01   5.70448532E-01   1.42250937E+00
     4.40000000E+01   6.34417127E-02   2.26352124E-01   5.57961872E-01   1.40677048E+00
     4.50000000E+01   5.94267095E-02   2.17494051E-01   5.45071687E-01   1.38874938E+00
     4.60000000E+01   5.56386012E-02   2.08788508E-01   5.31769143E-01   1.36844038E+00
     4.70000000E+01   5.20634108E-02   2.00228382E-01   5.18050032E-01   1.34585127E+00
     4.80000000E+01   4.86881454E-02   1.91807984E-01   5.03915213E-01   1.32100491E+00
     4.90000000E+01   4.55007489E-02   1.83523100E-01   4.89370974E-01   1.29394060E+00
     5.00000000E+01   4.24900550E-02   1.75371031E-01   4.74429322E-01   1.26471523E+00
