     BRANCHING CHAIN
     =======


     INPUT DATA
     ----------
     DARCY FLUX                    Q  :  1.00000000E-02
     POROSITY                    POR  :  1.00000000E-01
     BULK DENSITY               RHOB  :  1.00000000E+00
     TOTAL NUMBER OF LEVELS  NLEVELS  :  3

     SPECIES                          :  1
     DISPERSION COEFFICIENT,       D  :  1.80000000E-01
     SORPTION COEFFICIENT,         KD :  1.00000000E-01
     LAMDA1 (DISSOLVED PHASE)         :  5.00000000E-02
     LAMDA2 (SORBED PHASE)            :  5.00000000E-02
     LEVEL                            :  0
     NUMBER OF PARENTS           NUMP :  0
     SPECIES NO. OF PARENTS        ID :  0

     SPECIES                          :  2
     DISPERSION COEFFICIENT,       D  :  1.80000000E-01
     SORPTION COEFFICIENT,         KD :  0.00000000E+00
     LAMDA1 (DISSOLVED PHASE)         :  3.00000000E-02
     LAMDA2 (SORBED PHASE)            :  3.00000000E-02
     LEVEL                            :  1
     NUMBER OF PARENTS           NUMP :  1
     SPECIES NO. OF PARENTS        ID :  1

     SPECIES                          :  3
     DISPERSION COEFFICIENT,       D  :  1.80000000E-01
     SORPTION COEFFICIENT,         KD :  0.00000000E+00
     LAMDA1 (DISSOLVED PHASE)         :  2.00000000E-02
     LAMDA2 (SORBED PHASE)            :  2.00000000E-02
     LEVEL                            :  2
     NUMBER OF PARENTS           NUMP :  1
     SPECIES NO. OF PARENTS        ID :  2

     SPECIES                          :  4
     DISPERSION COEFFICIENT,       D  :  1.80000000E-01
     SORPTION COEFFICIENT,         KD :  0.00000000E+00
     LAMDA1 (DISSOLVED PHASE)         :  1.00000000E-02
     LAMDA2 (SORBED PHASE)            :  1.00000000E-02
     LEVEL                            :  3
     NUMBER OF PARENTS           NUMP :  1
     SPECIES NO. OF PARENTS        ID :  3

     YIELD COEFFICIENTS (Y) AND FRACTION (ETA)
     SPECIES  1 - SPECIES  2         :  1.00000000E+00         1.00000000E+00
     SPECIES  2 - SPECIES  3         :  1.00000000E+00         1.00000000E+00
     SPECIES  3 - SPECIES  4         :  1.00000000E+00         1.00000000E+00

     INFLOW BOUNDARY CONDITION DATA
     ------------------------------
     INFLOW BOUNDARY CONDITION TYPE   3


     CONSTRUCTED INFLOW CONCENTRATION HISTOGRAM (species  1)
               TIME INTERVAL           CONCENTRATION
     ------------------------------------------------
      0.000000E+00 -  2.500000E+00       1.000000E+00
      2.500000E+00 -  7.500000E+00       7.788008E-01
      7.500000E+00 -  1.250000E+01       6.065307E-01
      1.250000E+01 -  1.750000E+01       4.723666E-01
      1.750000E+01 -  2.250000E+01       3.678794E-01
      2.250000E+01 -  2.750000E+01       2.865048E-01
      2.750000E+01 -  3.250000E+01       2.231302E-01
      3.250000E+01 -  3.750000E+01       1.737739E-01
      3.750000E+01 -  4.250000E+01       1.353353E-01
      4.250000E+01 -  4.750000E+01       1.053992E-01
      4.750000E+01 -  5.250000E+01       8.208500E-02
      5.250000E+01 -  5.750000E+01       6.392786E-02
      5.750000E+01 -  6.250000E+01       4.978707E-02
      6.250000E+01 -  6.750000E+01       3.877421E-02
      6.750000E+01 -  7.250000E+01       3.019738E-02
      7.250000E+01 -  7.750000E+01       2.351775E-02
      7.750000E+01 -  8.250000E+01       1.831564E-02
      8.250000E+01 -  8.750000E+01       1.426423E-02
      8.750000E+01 -  9.250000E+01       1.110900E-02
      9.250000E+01 -  9.750000E+01       8.651695E-03
      9.750000E+01 -  1.025000E+02       6.737947E-03
      1.025000E+02 -  1.075000E+02       5.247518E-03
      1.075000E+02 -  1.125000E+02       4.086771E-03
      1.125000E+02 -  1.175000E+02       3.182781E-03
      1.175000E+02 -  1.225000E+02       2.478752E-03
      1.225000E+02 -  1.275000E+02       1.930454E-03
      1.275000E+02 -  1.325000E+02       1.503439E-03
      1.325000E+02 -  1.375000E+02       1.170880E-03
      1.375000E+02 -  1.425000E+02       9.118820E-04
      1.425000E+02 -  1.475000E+02       7.101740E-04
      1.475000E+02 -  1.525000E+02       5.530840E-04
      1.525000E+02 -  1.575000E+02       4.307430E-04
      1.575000E+02 -  1.625000E+02       3.354630E-04
      1.625000E+02 -  1.675000E+02       2.612590E-04
      1.675000E+02 -  1.725000E+02       2.034680E-04
      1.725000E+02 -  1.775000E+02       1.584610E-04
      1.775000E+02 -  1.825000E+02       1.234100E-04
      1.825000E+02 -  1.875000E+02       9.611170E-05
      1.875000E+02 -  1.925000E+02       7.485180E-05
      1.925000E+02 -  1.975000E+02       5.829470E-05
      1.975000E+02 --> INFINITY         4.539990E-05

     INFLOW BOUNDARY CONDITION DATA
     ------------------------------
     INFLOW BOUNDARY CONDITION TYPE   3


     CONSTRUCTED INFLOW CONCENTRATION HISTOGRAM (species  2)
               TIME INTERVAL           CONCENTRATION
     ------------------------------------------------
      0.000000E+00 -  2.500000E+00       0.000000E+00
      2.500000E+00 -  7.500000E+00       2.047680E-01
      7.500000E+00 -  1.250000E+01       3.357189E-01
      1.250000E+01 -  1.750000E+01       4.131540E-01
      1.750000E+01 -  2.250000E+01       4.523305E-01
      2.250000E+01 -  2.750000E+01       4.646544E-01
      2.750000E+01 -  3.250000E+01       4.585987E-01
      3.250000E+01 -  3.750000E+01       4.404095E-01
      3.750000E+01 -  4.250000E+01       4.146473E-01
      4.250000E+01 -  4.750000E+01       3.846026E-01
      4.750000E+01 -  5.250000E+01       3.526129E-01
      5.250000E+01 -  5.750000E+01       3.203051E-01
      5.750000E+01 -  6.250000E+01       2.887795E-01
      6.250000E+01 -  6.750000E+01       2.587497E-01
      6.750000E+01 -  7.250000E+01       2.306476E-01
      7.250000E+01 -  7.750000E+01       2.047037E-01
      7.750000E+01 -  8.250000E+01       1.810058E-01
      8.250000E+01 -  8.750000E+01       1.595436E-01
      8.750000E+01 -  9.250000E+01       1.402413E-01
      9.250000E+01 -  9.750000E+01       1.229816E-01
      9.750000E+01 -  1.025000E+02       1.076228E-01
      1.025000E+02 -  1.075000E+02       9.401152E-02
      1.075000E+02 -  1.125000E+02       8.199099E-02
      1.125000E+02 -  1.175000E+02       7.140714E-02
      1.175000E+02 -  1.225000E+02       6.211243E-02
      1.225000E+02 -  1.275000E+02       5.396823E-02
      1.275000E+02 -  1.325000E+02       4.684618E-02
      1.325000E+02 -  1.375000E+02       4.062874E-02
      1.375000E+02 -  1.425000E+02       3.520924E-02
      1.425000E+02 -  1.475000E+02       3.049159E-02
      1.475000E+02 -  1.525000E+02       2.638978E-02
      1.525000E+02 -  1.575000E+02       2.282715E-02
      1.575000E+02 -  1.625000E+02       1.973571E-02
      1.625000E+02 -  1.675000E+02       1.705538E-02
      1.675000E+02 -  1.725000E+02       1.473319E-02
      1.725000E+02 -  1.775000E+02       1.272264E-02
      1.775000E+02 -  1.825000E+02       1.098293E-02
      1.825000E+02 -  1.875000E+02       9.478364E-03
      1.875000E+02 -  1.925000E+02       8.177784E-03
      1.925000E+02 -  1.975000E+02       7.054011E-03
      1.975000E+02 --> INFINITY         6.083381E-03

     INFLOW BOUNDARY CONDITION DATA
     ------------------------------
     INFLOW BOUNDARY CONDITION TYPE   3


     CONSTRUCTED INFLOW CONCENTRATION HISTOGRAM (species  3)
               TIME INTERVAL           CONCENTRATION
     ------------------------------------------------
      0.000000E+00 -  2.500000E+00      -6.821210E-16
      2.500000E+00 -  7.500000E+00       1.587923E-02
      7.500000E+00 -  1.250000E+01       5.384376E-02
      1.250000E+01 -  1.750000E+01       1.027963E-01
      1.750000E+01 -  2.250000E+01       1.552116E-01
      2.250000E+01 -  2.750000E+01       2.061661E-01
      2.750000E+01 -  3.250000E+01       2.526111E-01
      3.250000E+01 -  3.750000E+01       2.928283E-01
      3.750000E+01 -  4.250000E+01       3.260264E-01
      4.250000E+01 -  4.750000E+01       3.520444E-01
      4.750000E+01 -  5.250000E+01       3.711335E-01
      5.250000E+01 -  5.750000E+01       3.838008E-01
      5.750000E+01 -  6.250000E+01       3.906971E-01
      6.250000E+01 -  6.750000E+01       3.925389E-01
      6.750000E+01 -  7.250000E+01       3.900551E-01
      7.250000E+01 -  7.750000E+01       3.839510E-01
      7.750000E+01 -  8.250000E+01       3.748870E-01
      8.250000E+01 -  8.750000E+01       3.634657E-01
      8.750000E+01 -  9.250000E+01       3.502256E-01
      9.250000E+01 -  9.750000E+01       3.356399E-01
      9.750000E+01 -  1.025000E+02       3.201183E-01
      1.025000E+02 -  1.075000E+02       3.040100E-01
      1.075000E+02 -  1.125000E+02       2.876090E-01
      1.125000E+02 -  1.175000E+02       2.711589E-01
      1.175000E+02 -  1.225000E+02       2.548587E-01
      1.225000E+02 -  1.275000E+02       2.388680E-01
      1.275000E+02 -  1.325000E+02       2.233122E-01
      1.325000E+02 -  1.375000E+02       2.082870E-01
      1.375000E+02 -  1.425000E+02       1.938632E-01
      1.425000E+02 -  1.475000E+02       1.800904E-01
      1.475000E+02 -  1.525000E+02       1.670006E-01
      1.525000E+02 -  1.575000E+02       1.546109E-01
      1.575000E+02 -  1.625000E+02       1.429266E-01
      1.625000E+02 -  1.675000E+02       1.319434E-01
      1.675000E+02 -  1.725000E+02       1.216494E-01
      1.725000E+02 -  1.775000E+02       1.120267E-01
      1.775000E+02 -  1.825000E+02       1.030528E-01
      1.825000E+02 -  1.875000E+02       9.470198E-02
      1.875000E+02 -  1.925000E+02       8.694625E-02
      1.925000E+02 -  1.975000E+02       7.975605E-02
      1.975000E+02 --> INFINITY         7.310105E-02

     INFLOW BOUNDARY CONDITION DATA
     ------------------------------
     INFLOW BOUNDARY CONDITION TYPE   3


     CONSTRUCTED INFLOW CONCENTRATION HISTOGRAM (species  4)
               TIME INTERVAL           CONCENTRATION
     ------------------------------------------------
      0.000000E+00 -  2.500000E+00       0.000000E+00
      2.500000E+00 -  7.500000E+00       5.450060E-04
      7.500000E+00 -  1.250000E+01       3.806117E-03
      1.250000E+01 -  1.750000E+01       1.122565E-02
      1.750000E+01 -  2.250000E+01       2.327783E-02
      2.250000E+01 -  2.750000E+01       3.981449E-02
      2.750000E+01 -  3.250000E+01       6.031171E-02
      3.250000E+01 -  3.750000E+01       8.404299E-02
      3.750000E+01 -  4.250000E+01       1.101980E-01
      4.250000E+01 -  4.750000E+01       1.379619E-01
      4.750000E+01 -  5.250000E+01       1.665655E-01
      5.250000E+01 -  5.750000E+01       1.953154E-01
      5.750000E+01 -  6.250000E+01       2.236093E-01
      6.250000E+01 -  6.750000E+01       2.509415E-01
      6.750000E+01 -  7.250000E+01       2.769017E-01
      7.250000E+01 -  7.750000E+01       3.011700E-01
      7.750000E+01 -  8.250000E+01       3.235085E-01
      8.250000E+01 -  8.750000E+01       3.437530E-01
      8.750000E+01 -  9.250000E+01       3.618024E-01
      9.250000E+01 -  9.750000E+01       3.776104E-01
      9.750000E+01 -  1.025000E+02       3.911757E-01
      1.025000E+02 -  1.075000E+02       4.025338E-01
      1.075000E+02 -  1.125000E+02       4.117503E-01
      1.125000E+02 -  1.175000E+02       4.189132E-01
      1.175000E+02 -  1.225000E+02       4.241282E-01
      1.225000E+02 -  1.275000E+02       4.275130E-01
      1.275000E+02 -  1.325000E+02       4.291935E-01
      1.325000E+02 -  1.375000E+02       4.293001E-01
      1.375000E+02 -  1.425000E+02       4.279650E-01
      1.425000E+02 -  1.475000E+02       4.253198E-01
      1.475000E+02 -  1.525000E+02       4.214935E-01
      1.525000E+02 -  1.575000E+02       4.166115E-01
      1.575000E+02 -  1.625000E+02       4.107937E-01
      1.625000E+02 -  1.675000E+02       4.041545E-01
      1.675000E+02 -  1.725000E+02       3.968018E-01
      1.725000E+02 -  1.775000E+02       3.888368E-01
      1.775000E+02 -  1.825000E+02       3.803537E-01
      1.825000E+02 -  1.875000E+02       3.714399E-01
      1.875000E+02 -  1.925000E+02       3.621758E-01
      1.925000E+02 -  1.975000E+02       3.526350E-01
      1.975000E+02 --> INFINITY         3.428848E-01

     CONCENTRATION PROFILE AT TIME   :  5.00000000E+01

          X                C(X,T)
     ------------------------------------------------------------
     0.00000000E+00   6.40667304E-02   3.35464313E-01   3.40367641E-01   1.52030614E-01
     5.00000000E-01   5.91738438E-02   3.29456422E-01   3.30748173E-01   1.47192675E-01
     1.00000000E+00   5.38506649E-02   3.20268451E-01   3.19256840E-01   1.41414703E-01
     1.50000000E+00   4.80592408E-02   3.07552563E-01   3.06055926E-01   1.35172572E-01
     2.00000000E+00   4.21415004E-02   2.91665464E-01   2.91145087E-01   1.28473489E-01
     2.50000000E+00   3.63155838E-02   2.73220096E-01   2.74563233E-01   1.21219590E-01
     3.00000000E+00   3.07235989E-02   2.52838067E-01   2.56485136E-01   1.13408365E-01
     3.50000000E+00   2.54938627E-02   2.31118422E-01   2.37205386E-01   1.05135449E-01
     4.00000000E+00   2.07339521E-02   2.08657507E-01   2.17089614E-01   9.65395675E-02
     4.50000000E+00   1.65175972E-02   1.86040911E-01   1.96537037E-01   8.77701242E-02
     5.00000000E+00   1.28820098E-02   1.63814259E-01   1.75955092E-01   7.89778016E-02
     5.50000000E+00   9.83029759E-03   1.42454316E-01   1.55738023E-01   7.03108372E-02
     6.00000000E+00   7.33655386E-03   1.22349705E-01   1.36247044E-01   6.19097331E-02
     6.50000000E+00   5.35273778E-03   1.03791815E-01   1.17793595E-01   5.39008194E-02
     7.00000000E+00   3.81638160E-03   8.69740613E-02   1.00627389E-01   4.63905495E-02
     7.50000000E+00   2.65808479E-03   7.19976789E-02   8.49299437E-02   3.94615627E-02
     8.00000000E+00   1.80796693E-03   5.88823277E-02   7.08134510E-02   3.31707610E-02
     8.50000000E+00   1.20058503E-03   4.75798314E-02   5.83242591E-02   2.75492715E-02
     9.00000000E+00   7.78150968E-04   3.79894057E-02   4.74499728E-02   2.26040176E-02
     9.50000000E+00   4.92154496E-04   2.99729350E-02   3.81290367E-02   1.83205483E-02
     1.00000000E+01   3.03678086E-04   2.33691660E-02   3.02616616E-02   1.46667366E-02
     1.05000000E+01   1.82774897E-04   1.80060494E-02   2.37210541E-02   1.15969417E-02
     1.10000000E+01   1.07284270E-04   1.37108118E-02   1.83640885E-02   9.05625965E-03
     1.15000000E+01   6.14053206E-05   1.03176320E-02   1.40407797E-02   6.98454396E-03
     1.20000000E+01   3.42665174E-05   7.67302527E-03   1.06021540E-02   5.31995697E-03
     1.25000000E+01   1.86415905E-05   5.63918421E-03   7.90633364E-03   4.00190029E-03
     1.30000000E+01   9.88588011E-06   4.09561366E-03   5.82283496E-03   2.97325509E-03
     1.35000000E+01   5.11046119E-06   2.93942546E-03   4.23522352E-03   2.18193380E-03
     1.40000000E+01   2.57541003E-06   2.08465089E-03   3.04235877E-03   1.58179984E-03
     1.45000000E+01   1.26550625E-06   1.46089356E-03   2.15851096E-03   1.13304745E-03
     1.50000000E+01   6.06611139E-07   1.01159576E-03   1.51264290E-03   8.02153158E-04
     1.55000000E+01   2.83903849E-07   6.92135781E-04   1.04713188E-03   5.61514074E-04
     1.60000000E+01   1.29950145E-07   4.67918859E-04   7.16170669E-04   3.88881194E-04
     1.65000000E+01   5.83546033E-08   3.12574577E-04   4.84041123E-04   2.66681114E-04
     1.70000000E+01   2.58528309E-08   2.06330846E-04   3.23404956E-04   1.81301022E-04
     1.75000000E+01   1.14118196E-08   1.34600656E-04   2.13710919E-04   1.22392303E-04
     1.80000000E+01   5.10097262E-09   8.67919551E-05   1.39777853E-04   8.22297866E-05
     1.85000000E+01   2.36408502E-09   5.53330100E-05   9.05814009E-05   5.51479778E-05
     1.90000000E+01   1.16782884E-09   3.48941981E-05   5.82485786E-05   3.70631282E-05
     1.95000000E+01   6.27972406E-10   2.17810155E-05   3.72484449E-05   2.50809658E-05
     2.00000000E+01   3.68529687E-10   1.34709239E-05   2.37575655E-05   1.71838738E-05
     2.05000000E+01   2.32119589E-10   8.26725034E-06   1.51744926E-05   1.19879104E-05
     2.10000000E+01   1.53051860E-10   5.04567284E-06   9.75664894E-06   8.55863150E-06
     2.15000000E+01   1.03342607E-10   3.07206947E-06   6.35456522E-06   6.27465481E-06
     2.20000000E+01   7.03858807E-11   1.87406552E-06   4.22134702E-06   4.72877249E-06
     2.25000000E+01   4.79268452E-11   1.15208203E-06   2.87876414E-06   3.65776017E-06
     2.30000000E+01   3.24676819E-11   7.18824618E-07   2.02492772E-06   2.89354947E-06
     2.35000000E+01   2.18280446E-11   4.58830848E-07   1.47181826E-06   2.32991969E-06
     2.40000000E+01   1.45455758E-11   3.01886488E-07   1.10377698E-06   1.90020550E-06
     2.45000000E+01   9.60081990E-12   2.05847975E-07   8.50414019E-07   1.56265356E-06
     2.50000000E+01   6.27532032E-12   1.45725985E-07   6.69233562E-07   1.29097881E-06
     2.55000000E+01   4.06112747E-12   1.06860894E-07   5.34681071E-07   1.06838350E-06
     2.60000000E+01   2.60157254E-12   8.07249739E-08   4.31355002E-07   8.83836355E-07
     2.65000000E+01   1.65027986E-12   6.23812887E-08   3.49869093E-07   7.29798160E-07
     2.70000000E+01   1.03628324E-12   4.89695187E-08   2.84371016E-07   6.00854860E-07
     2.75000000E+01   6.44179149E-13   3.88175397E-08   2.31077538E-07   4.92909047E-07
     2.80000000E+01   3.96407016E-13   3.09279152E-08   1.87422454E-07   4.02708137E-07
     2.85000000E+01   2.41399580E-13   2.46852809E-08   1.51567355E-07   3.27571416E-07
     2.90000000E+01   1.45554050E-13   1.96917558E-08   1.22123471E-07   2.65232045E-07
     2.95000000E+01   8.69014625E-14   1.56753484E-08   9.79941525E-08   2.13744015E-07
     3.00000000E+01   5.13706868E-14   1.24393326E-08   7.82850977E-08   1.71424940E-07
     3.05000000E+01   3.00640274E-14   9.83426637E-09   6.22520208E-08   1.36818141E-07
     3.10000000E+01   1.71185129E-14   7.74235154E-09   4.92687014E-08   1.08664937E-07
     3.15000000E+01   0.00000000E+00   6.06844085E-09   3.88060452E-08   8.58822865E-08
     3.20000000E+01   0.00000000E+00   4.73460870E-09   3.04171063E-08   6.75433519E-08
     3.25000000E+01   0.00000000E+00   3.67662690E-09   2.37254339E-08   5.28598431E-08
     3.30000000E+01   0.00000000E+00   2.84148715E-09   1.84153836E-08   4.11656656E-08
     3.35000000E+01   0.00000000E+00   2.18552015E-09   1.42237353E-08   3.19017316E-08
     3.40000000E+01   0.00000000E+00   1.67288302E-09   1.09322902E-08   2.46019227E-08
     3.45000000E+01   0.00000000E+00   1.27429703E-09   8.36129132E-09   1.88802380E-08
     3.50000000E+01   0.00000000E+00   9.65973749E-10   6.36358675E-09   1.44191537E-08
     3.55000000E+01   0.00000000E+00   7.28696293E-10   4.81947898E-09   1.09592018E-08
     3.60000000E+01   0.00000000E+00   5.47032051E-10   3.63222197E-09   8.28974207E-09
     3.65000000E+01   0.00000000E+00   4.08661308E-10   2.72411349E-09   6.24088019E-09
     3.70000000E+01   0.00000000E+00   3.03808356E-10   2.03313793E-09   4.67646408E-09
     3.75000000E+01   0.00000000E+00   2.24761864E-10   1.51010769E-09   3.48807434E-09
     3.80000000E+01   0.00000000E+00   1.65476264E-10   1.11625074E-09   2.58991762E-09
     3.85000000E+01   0.00000000E+00   1.21239319E-10   8.21192574E-10   1.91452625E-09
     3.90000000E+01   0.00000000E+00   8.84000052E-11   6.01281856E-10   1.40917177E-09
     3.95000000E+01   0.00000000E+00   6.41461424E-11   4.38214133E-10   1.03289529E-09
     4.00000000E+01   0.00000000E+00   4.63243345E-11   3.17907561E-10   7.54072947E-10

     CONCENTRATION PROFILE AT TIME   :  1.00000000E+02

          X                C(X,T)
     ------------------------------------------------------------
     0.00000000E+00   6.07728858E-03   1.08474818E-01   3.13710878E-01   3.81192064E-01
     5.00000000E-01   5.87616242E-03   1.08544619E-01   3.11731766E-01   3.78184625E-01
     1.00000000E+00   5.64864744E-03   1.08310571E-01   3.09296274E-01   3.74627648E-01
     1.50000000E+00   5.39597899E-03   1.07741098E-01   3.06333997E-01   3.70464345E-01
     2.00000000E+00   5.12010469E-03   1.06810479E-01   3.02776728E-01   3.65638827E-01
     2.50000000E+00   4.82370637E-03   1.05499544E-01   2.98562315E-01   3.60099162E-01
     3.00000000E+00   4.51018124E-03   1.03796429E-01   2.93637641E-01   3.53799987E-01
     3.50000000E+00   4.18354742E-03   1.01697198E-01   2.87961150E-01   3.46704907E-01
     4.00000000E+00   3.84829940E-03   9.92062079E-02   2.81505013E-01   3.38788676E-01
     4.50000000E+00   3.50923110E-03   9.63361786E-02   2.74256861E-01   3.30039128E-01
     5.00000000E+00   3.17124025E-03   9.31079496E-02   2.66220991E-01   3.20458756E-01
     5.50000000E+00   2.83912752E-03   8.95499397E-02   2.57419003E-01   3.10065838E-01
     6.00000000E+00   2.51740383E-03   8.56973317E-02   2.47889804E-01   2.98895049E-01
     6.50000000E+00   2.21011837E-03   8.15910265E-02   2.37688987E-01   2.86997494E-01
     7.00000000E+00   1.92071798E-03   7.72764171E-02   2.26887594E-01   2.74440145E-01
     7.50000000E+00   1.65194556E-03   7.28020432E-02   2.15570333E-01   2.61304698E-01
     8.00000000E+00   1.40578198E-03   6.82181896E-02   2.03833313E-01   2.47685870E-01
     8.50000000E+00   1.18343191E-03   6.35754902E-02   1.91781403E-01   2.33689217E-01
     9.00000000E+00   9.85351192E-04   5.89235962E-02   1.79525339E-01   2.19428558E-01
     9.50000000E+00   8.11309662E-04   5.43099586E-02   1.67178696E-01   2.05023107E-01
     1.00000000E+01   6.60481988E-04   4.97787664E-02   1.54854859E-01   1.90594456E-01
     1.05000000E+01   5.31557234E-04   4.53700687E-02   1.42664112E-01   1.76263498E-01
     1.10000000E+01   4.22857963E-04   4.11191004E-02   1.30710958E-01   1.62147464E-01
     1.15000000E+01   3.32460039E-04   3.70558170E-02   1.19091755E-01   1.48357143E-01
     1.20000000E+01   2.58305622E-04   3.32046355E-02   1.07892755E-01   1.34994421E-01
     1.25000000E+01   1.98303516E-04   2.95843686E-02   9.71885856E-02   1.22150207E-01
     1.30000000E+01   1.50412924E-04   2.62083339E-02   8.70411983E-02   1.09902809E-01
     1.35000000E+01   1.12708642E-04   2.30846124E-02   7.74992967E-02   9.83167988E-02
     1.40000000E+01   8.34273732E-05   2.02164302E-02   6.85982171E-02   8.74423703E-02
     1.45000000E+01   6.09963436E-05   1.76026346E-02   6.03602289E-02   7.73151888E-02
     1.50000000E+01   4.40463474E-05   1.52382346E-02   5.27952019E-02   6.79566922E-02
     1.55000000E+01   3.14120343E-05   1.31149810E-02   4.59015812E-02   5.93747952E-02
     1.60000000E+01   2.21224654E-05   1.12219598E-02   3.96675980E-02   5.15649350E-02
     1.65000000E+01   1.53849256E-05   9.54617796E-03   3.40726485E-02   4.45113851E-02
     1.70000000E+01   1.05646848E-05   8.07312385E-03   2.90887703E-02   3.81887621E-02
     1.75000000E+01   7.16297454E-06   6.78728746E-03   2.46821520E-02   3.25636483E-02
     1.80000000E+01   4.79494853E-06   5.67263042E-03   2.08146182E-02   2.75962598E-02
     1.85000000E+01   3.16889261E-06   4.71299836E-03   1.74450410E-02   2.32420935E-02
     1.90000000E+01   2.06749654E-06   3.89247179E-03   1.45306392E-02   1.94534974E-02
     1.95000000E+01   1.33161194E-06   3.19565457E-03   1.20281361E-02   1.61811196E-02
     2.00000000E+01   8.46621574E-07   2.60790123E-03   9.89475763E-03   1.33752013E-02
     2.05000000E+01   5.31329705E-07   2.11548638E-03   8.08906063E-03   1.09866922E-02
     2.10000000E+01   3.29145248E-07   1.70572114E-03   6.57159186E-03   8.96817551E-03
     2.15000000E+01   2.01255055E-07   1.36702225E-03   5.30538199E-03   7.27460257E-03
     2.20000000E+01   1.21459169E-07   1.08894040E-03   4.25628717E-03   5.86384044E-03
     2.25000000E+01   7.23483563E-08   8.62154384E-04   3.39319331E-03   4.69704748E-03
     2.30000000E+01   4.25338888E-08   6.78437815E-04   2.68810124E-03   3.73889298E-03
     2.35000000E+01   2.46800785E-08   5.30604686E-04   2.11611225E-03   2.95764198E-03
     2.40000000E+01   1.41340121E-08   4.12439653E-04   1.65533350E-03   2.32512714E-03
     2.45000000E+01   7.98918871E-09   3.18618275E-04   1.28672235E-03   1.81663042E-03
     2.50000000E+01   4.45740706E-09   2.44621679E-04   9.93886895E-04   1.41069589E-03
     2.55000000E+01   2.45498996E-09   1.86649462E-04   7.62858373E-04   1.08889401E-03
     2.60000000E+01   1.33500924E-09   1.41533813E-04   5.81848723E-04   8.35554886E-04
     2.65000000E+01   7.17003333E-10   1.06657196E-04   4.41004356E-04   6.37486090E-04
     2.70000000E+01   3.80528075E-10   7.98752608E-05   3.32164853E-04   4.83687293E-04
     2.75000000E+01   1.99736739E-10   5.94460982E-05   2.48633193E-04   3.65071866E-04
     2.80000000E+01   1.03838556E-10   4.39664591E-05   1.84962109E-04   2.74202717E-04
     2.85000000E+01   5.35931594E-11   3.23151820E-05   1.36759519E-04   2.05047563E-04
     2.90000000E+01   2.75652090E-11   2.36037464E-05   1.00514532E-04   1.52756793E-04
     2.95000000E+01   1.42137595E-11   1.71336471E-05   7.34444046E-05   1.13465506E-04
     3.00000000E+01   7.41380642E-12   1.23601200E-05   5.33619456E-05   8.41199671E-05
     3.05000000E+01   3.96043781E-12   8.86164942E-06   3.85622458E-05   6.23277732E-05
     3.10000000E+01   2.19953642E-12   6.31463149E-06   2.77271786E-05   4.62302951E-05
     3.15000000E+01   1.28849152E-12   4.47255674E-06   1.98458862E-05   3.43955178E-05
     3.20000000E+01   8.02966025E-13   3.14908943E-06   1.41493558E-05   2.57291392E-05
     3.25000000E+01   5.32614715E-13   2.20445662E-06   1.00572000E-05   1.94016942E-05
     3.30000000E+01   3.72257503E-13   1.53461031E-06   7.13483640E-06   1.47894979E-05
     3.35000000E+01   2.70374744E-13   1.06268230E-06   5.05939934E-06   1.14273122E-05
     3.40000000E+01   2.01449796E-13   7.32311613E-07   3.59287954E-06   8.97081487E-06
     3.45000000E+01   1.52142857E-13   5.02482980E-07   2.56117151E-06   7.16714625E-06
     3.50000000E+01   1.15672579E-13   3.43571064E-07   1.83788799E-06   5.83203010E-06
     3.55000000E+01   8.80964024E-14   2.34336264E-07   1.33197618E-06   4.83217475E-06
     3.60000000E+01   6.70194281E-14   1.59663528E-07   9.78331335E-07   4.07186713E-06
     3.65000000E+01   5.08451482E-14   1.08875376E-07   7.30747589E-07   3.48285718E-06
     3.70000000E+01   3.86191530E-14   7.44842468E-08   5.56671907E-07   3.01679643E-06
     3.75000000E+01   2.89809340E-14   5.12776744E-08   4.33334686E-07   2.63963763E-06
     3.80000000E+01   2.16735205E-14   3.56531887E-08   3.44920856E-07   2.32752468E-06
     3.85000000E+01   1.61446445E-14   2.51388330E-08   2.80519670E-07   2.06380360E-06
     3.90000000E+01   1.19735026E-14   1.80503696E-08   2.32651599E-07   1.83686813E-06
     3.95000000E+01   9.04854635E-15   1.32482280E-08   1.96218914E-07   1.63862107E-06
     4.00000000E+01   6.56577890E-15   9.96658036E-09   1.67764416E-07   1.46338517E-06

     CONCENTRATION PROFILE AT TIME   :  2.00000000E+02

          X                C(X,T)
     ------------------------------------------------------------
     0.00000000E+00   4.40722201E-05   6.12544750E-03   7.29880520E-02   3.42081989E-01
     5.00000000E-01   4.37572783E-05   6.13811053E-03   7.29539082E-02   3.41577602E-01
     1.00000000E+00   4.33006409E-05   6.14780063E-03   7.28997267E-02   3.41166118E-01
     1.50000000E+00   4.27582765E-05   6.15598262E-03   7.28323172E-02   3.40700667E-01
     2.00000000E+00   4.21373111E-05   6.16255907E-03   7.27502628E-02   3.40156245E-01
     2.50000000E+00   4.14358776E-05   6.16715228E-03   7.26505939E-02   3.39518062E-01
     3.00000000E+00   4.06512067E-05   6.16933205E-03   7.25300144E-02   3.38772686E-01
     3.50000000E+00   3.97812879E-05   6.16864964E-03   7.23850554E-02   3.37906466E-01
     4.00000000E+00   3.88252697E-05   6.16464277E-03   7.22120695E-02   3.36905116E-01
     4.50000000E+00   3.77835838E-05   6.15683922E-03   7.20072258E-02   3.35753650E-01
     5.00000000E+00   3.66580068E-05   6.14476094E-03   7.17665234E-02   3.34436431E-01
     5.50000000E+00   3.54516982E-05   6.12792801E-03   7.14858217E-02   3.32937295E-01
     6.00000000E+00   3.41692095E-05   6.10586692E-03   7.11608823E-02   3.31239690E-01
     6.50000000E+00   3.28164564E-05   6.07811950E-03   7.07874209E-02   3.29326862E-01
     7.00000000E+00   3.14006503E-05   6.04425015E-03   7.03611653E-02   3.27182061E-01
     7.50000000E+00   2.99301915E-05   6.00385308E-03   6.98779194E-02   3.24788768E-01
     8.00000000E+00   2.84145242E-05   5.95655971E-03   6.93336316E-02   3.22130943E-01
     8.50000000E+00   2.68639583E-05   5.90204588E-03   6.87244663E-02   3.19193289E-01
     9.00000000E+00   2.52894638E-05   5.84003861E-03   6.80468762E-02   3.15961531E-01
     9.50000000E+00   2.37024436E-05   5.77032218E-03   6.72976757E-02   3.12422691E-01
     1.00000000E+01   2.21144933E-05   5.69274359E-03   6.64741115E-02   3.08565373E-01
     1.05000000E+01   2.05371557E-05   5.60721707E-03   6.55739311E-02   3.04380041E-01
     1.10000000E+01   1.89816784E-05   5.51372759E-03   6.45954454E-02   2.99859281E-01
     1.15000000E+01   1.74587840E-05   5.41233337E-03   6.35375857E-02   2.94998045E-01
     1.20000000E+01   1.59784584E-05   5.30316720E-03   6.23999524E-02   2.89793879E-01
     1.25000000E+01   1.45497661E-05   5.18643656E-03   6.11828544E-02   2.84247107E-01
     1.30000000E+01   1.31806968E-05   5.06242259E-03   5.98873380E-02   2.78360991E-01
     1.35000000E+01   1.18780471E-05   4.93147786E-03   5.85152044E-02   2.72141839E-01
     1.40000000E+01   1.06473406E-05   4.79402299E-03   5.70690152E-02   2.65599078E-01
     1.45000000E+01   9.49278728E-06   4.65054223E-03   5.55520851E-02   2.58745270E-01
     1.50000000E+01   8.41727924E-06   4.50157794E-03   5.39684617E-02   2.51596081E-01
     1.55000000E+01   7.42242363E-06   4.34772434E-03   5.23228933E-02   2.44170195E-01
     1.60000000E+01   6.50860683E-06   4.18962033E-03   5.06207840E-02   2.36489185E-01
     1.65000000E+01   5.67508628E-06   4.02794182E-03   4.88681374E-02   2.28577318E-01
     1.70000000E+01   4.92010456E-06   3.86339348E-03   4.70714905E-02   2.20461328E-01
     1.75000000E+01   4.24101993E-06   3.69670022E-03   4.52378378E-02   2.12170138E-01
     1.80000000E+01   3.63444747E-06   3.52859851E-03   4.33745483E-02   2.03734542E-01
     1.85000000E+01   3.09640523E-06   3.35982764E-03   4.14892760E-02   1.95186857E-01
     1.90000000E+01   2.62245994E-06   3.19112116E-03   3.95898668E-02   1.86560549E-01
     1.95000000E+01   2.20786771E-06   3.02319864E-03   3.76842622E-02   1.77889835E-01
     2.00000000E+01   1.84770572E-06   2.85675779E-03   3.57804036E-02   1.69209283E-01
     2.05000000E+01   1.53699178E-06   2.69246721E-03   3.38861370E-02   1.60553400E-01
     2.10000000E+01   1.27078936E-06   2.53095971E-03   3.20091211E-02   1.51956226E-01
     2.15000000E+01   1.04429700E-06   2.37282647E-03   3.01567407E-02   1.43450948E-01
     2.20000000E+01   8.52921099E-07   2.21861197E-03   2.83360262E-02   1.35069522E-01
     2.25000000E+01   6.92332506E-07   2.06880977E-03   2.65535803E-02   1.26842328E-01
     2.30000000E+01   5.58507480E-07   1.92385930E-03   2.48155145E-02   1.18797860E-01
     2.35000000E+01   4.47754223E-07   1.78414344E-03   2.31273944E-02   1.10962446E-01
     2.40000000E+01   3.56726559E-07   1.64998711E-03   2.14941961E-02   1.03360014E-01
     2.45000000E+01   2.82426512E-07   1.52165671E-03   1.99202729E-02   9.60119001E-02
     2.50000000E+01   2.22197665E-07   1.39936044E-03   1.84093326E-02   8.89367069E-02
     2.55000000E+01   1.73711184E-07   1.28324940E-03   1.69644265E-02   8.21502030E-02
     2.60000000E+01   1.34946328E-07   1.17341940E-03   1.55879477E-02   7.56652735E-02
     2.65000000E+01   1.04167091E-07   1.06991348E-03   1.42816398E-02   6.94919143E-02
     2.70000000E+01   7.98965062E-08   9.72724952E-04   1.30466149E-02   6.36372696E-02
     2.75000000E+01   6.08898375E-08   8.81800949E-04   1.18833793E-02   5.81057100E-02
     2.80000000E+01   4.61077567E-08   7.97046328E-04   1.07918669E-02   5.28989461E-02
     2.85000000E+01   3.46903011E-08   7.18327894E-04   9.77147836E-03   4.80161751E-02
     2.90000000E+01   2.59322439E-08   6.45478800E-04   8.82112540E-03   4.34542532E-02
     2.95000000E+01   1.92603171E-08   5.78303061E-04   7.93927910E-03   3.92078920E-02
     3.00000000E+01   1.42125420E-08   5.16580087E-04   7.12402054E-03   3.52698705E-02
     3.05000000E+01   1.04197919E-08   4.60069159E-04   6.37309321E-03   3.16312599E-02
     3.10000000E+01   7.58961045E-09   4.08513782E-04   5.68395578E-03   2.82816554E-02
     3.15000000E+01   5.49221496E-09   3.61645846E-04   5.05383445E-03   2.52094096E-02
     3.20000000E+01   3.94855231E-09   3.19189548E-04   4.47977386E-03   2.24018652E-02
     3.25000000E+01   2.82023670E-09   2.80865033E-04   3.95868590E-03   1.98455802E-02
     3.30000000E+01   2.00117732E-09   2.46391724E-04   3.48739566E-03   1.75265444E-02
     3.35000000E+01   1.41069538E-09   2.15491303E-04   3.06268413E-03   1.54303838E-02
     3.40000000E+01   9.87925398E-10   1.87890355E-04   2.68132707E-03   1.35425494E-02
     3.45000000E+01   6.87312235E-10   1.63322646E-04   2.34012992E-03   1.18484898E-02
     3.50000000E+01   4.75027672E-10   1.41531049E-04   2.03595851E-03   1.03338060E-02
     3.55000000E+01   3.26147891E-10   1.22269120E-04   1.76576543E-03   8.98438734E-03
     3.60000000E+01   2.22452153E-10   1.05302353E-04   1.52661233E-03   7.78652818E-03
     3.65000000E+01   1.50724107E-10   9.04091101E-05   1.31568787E-03   6.72702594E-03
     3.70000000E+01   1.01449171E-10   7.73812732E-05   1.13032197E-03   5.79326063E-03
     3.75000000E+01   6.78314047E-11   6.60246244E-05   9.67996173E-04   4.97325676E-03
     3.80000000E+01   4.50535993E-11   5.61589971E-05   8.26350700E-04   4.25572873E-03
     3.85000000E+01   2.97258848E-11   4.76182168E-05   7.03188389E-04   3.63011098E-03
     3.90000000E+01   1.94826205E-11   4.02498659E-05   5.96475876E-04   3.08657436E-03
     3.95000000E+01   1.26842435E-11   3.39148973E-05   5.04342377E-04   2.61603016E-03
     4.00000000E+01   8.20303485E-12   2.84871277E-05   4.25076426E-04   2.21012358E-03
