     BRANCHING CHAIN
     =======


     INPUT DATA
     ----------
     DARCY FLUX                    Q  :  4.00000000E+01
     POROSITY                    POR  :  4.00000000E-01
     BULK DENSITY               RHOB  :  1.60000000E+00
     TOTAL NUMBER OF LEVELS  NLEVELS  :  3

     SPECIES                          :  1
     DISPERSION COEFFICIENT,       D  :  1.00000000E+01
     SORPTION COEFFICIENT,         KD :  2.50000000E+03
     LAMDA1 (DISSOLVED PHASE)         :  7.90000000E-03
     LAMDA2 (SORBED PHASE)            :  7.90000000E-03
     LEVEL                            :  0
     NUMBER OF PARENTS           NUMP :  0
     SPECIES NO. OF PARENTS        ID :  0

     SPECIES                          :  2
     DISPERSION COEFFICIENT,       D  :  1.00000000E+01
     SORPTION COEFFICIENT,         KD :  3.50000000E+03
     LAMDA1 (DISSOLVED PHASE)         :  2.80000000E-06
     LAMDA2 (SORBED PHASE)            :  2.80000000E-06
     LEVEL                            :  1
     NUMBER OF PARENTS           NUMP :  1
     SPECIES NO. OF PARENTS        ID :  1

     SPECIES                          :  3
     DISPERSION COEFFICIENT,       D  :  1.00000000E+01
     SORPTION COEFFICIENT,         KD :  1.25000000E+04
     LAMDA1 (DISSOLVED PHASE)         :  8.70000000E-06
     LAMDA2 (SORBED PHASE)            :  8.70000000E-06
     LEVEL                            :  2
     NUMBER OF PARENTS           NUMP :  1
     SPECIES NO. OF PARENTS        ID :  2

     SPECIES                          :  4
     DISPERSION COEFFICIENT,       D  :  1.00000000E+01
     SORPTION COEFFICIENT,         KD :  1.25000000E+02
     LAMDA1 (DISSOLVED PHASE)         :  4.30000000E-04
     LAMDA2 (SORBED PHASE)            :  4.30000000E-04
     LEVEL                            :  3
     NUMBER OF PARENTS           NUMP :  1
     SPECIES NO. OF PARENTS        ID :  3

     YIELD COEFFICIENTS (Y) AND FRACTION (ETA)
     SPECIES  1 - SPECIES  2         :  1.00000000E+00         1.00000000E+00
     SPECIES  2 - SPECIES  3         :  1.00000000E+00         1.00000000E+00
     SPECIES  3 - SPECIES  4         :  1.00000000E+00         1.00000000E+00

     INFLOW BOUNDARY CONDITION DATA
     ------------------------------
     INFLOW BOUNDARY CONDITION TYPE   3


     CONSTRUCTED INFLOW CONCENTRATION HISTOGRAM (species  1)
               TIME INTERVAL           CONCENTRATION
     ------------------------------------------------
      0.000000E+00 -  5.000000E+01       1.250000E+00
      5.000000E+01 -  1.500000E+02       5.130000E-01
      1.500000E+02 -  2.500000E+02       2.110000E-01
      2.500000E+02 -  3.500000E+02       8.660000E-02
      3.500000E+02 -  4.500000E+02       3.550000E-02
      4.500000E+02 -  5.500000E+02       1.460000E-02
      5.500000E+02 -  6.500000E+02       5.990000E-03
      6.500000E+02 -  7.500000E+02       2.460000E-03
      7.500000E+02 -  8.500000E+02       1.010000E-03
      8.500000E+02 -  9.500000E+02       4.150000E-04
      9.500000E+02 -  1.050000E+03       1.700000E-04
      1.050000E+03 --> INFINITY         7.000000E-05

     INFLOW BOUNDARY CONDITION DATA
     ------------------------------
     INFLOW BOUNDARY CONDITION TYPE   3


     CONSTRUCTED INFLOW CONCENTRATION HISTOGRAM (species  2)
               TIME INTERVAL           CONCENTRATION
     ------------------------------------------------
      0.000000E+00 -  5.000000E+01       0.000000E+00
      5.000000E+01 -  1.500000E+02       6.176300E-01
      1.500000E+02 -  2.500000E+02       8.123300E-01
      2.500000E+02 -  3.500000E+02       8.389800E-01
      3.500000E+02 -  4.500000E+02       8.017000E-01
      4.500000E+02 -  5.500000E+02       7.427700E-01
      5.500000E+02 -  6.500000E+02       6.791100E-01
      6.500000E+02 -  7.500000E+02       6.172700E-01
      7.500000E+02 -  8.500000E+02       5.595900E-01
      8.500000E+02 -  9.500000E+02       5.067000E-01
      9.500000E+02 -  1.050000E+03       4.585600E-01
      1.050000E+03 --> INFINITY         4.148900E-01

     INFLOW BOUNDARY CONDITION DATA
     ------------------------------
     INFLOW BOUNDARY CONDITION TYPE   3


     CONSTRUCTED INFLOW CONCENTRATION HISTOGRAM (species  3)
               TIME INTERVAL           CONCENTRATION
     ------------------------------------------------
      0.000000E+00 -  5.000000E+01       0.000000E+00
      5.000000E+01 -  1.500000E+02       9.771200E-05
      1.500000E+02 -  2.500000E+02       2.848500E-04
      2.500000E+02 -  3.500000E+02       4.796900E-04
      3.500000E+02 -  4.500000E+02       6.528700E-04
      4.500000E+02 -  5.500000E+02       7.960000E-04
      5.500000E+02 -  6.500000E+02       9.088400E-04
      6.500000E+02 -  7.500000E+02       9.940600E-04
      7.500000E+02 -  8.500000E+02       1.055200E-03
      8.500000E+02 -  9.500000E+02       1.095700E-03
      9.500000E+02 -  1.050000E+03       1.118900E-03
      1.050000E+03 --> INFINITY         1.127700E-03

     INFLOW BOUNDARY CONDITION DATA
     ------------------------------
     INFLOW BOUNDARY CONDITION TYPE   3


     CONSTRUCTED INFLOW CONCENTRATION HISTOGRAM (species  4)
               TIME INTERVAL           CONCENTRATION
     ------------------------------------------------
      0.000000E+00 -  5.000000E+01       9.215700E-19
      5.000000E+01 -  1.500000E+02       2.976900E-08
      1.500000E+02 -  2.500000E+02       1.803600E-07
      2.500000E+02 -  3.500000E+02       4.689600E-07
      3.500000E+02 -  4.500000E+02       8.691000E-07
      4.500000E+02 -  5.500000E+02       1.344000E-06
      5.500000E+02 -  6.500000E+02       1.859000E-06
      6.500000E+02 -  7.500000E+02       2.385200E-06
      7.500000E+02 -  8.500000E+02       2.900100E-06
      8.500000E+02 -  9.500000E+02       3.387100E-06
      9.500000E+02 -  1.050000E+03       3.834800E-06
      1.050000E+03 --> INFINITY         4.235400E-06

     CONCENTRATION PROFILE AT TIME   :  1.00000000E+03

          X                C(X,T)
     ------------------------------------------------------------
     0.00000000E+00   1.63418665E-04   4.62175507E-01   1.12299581E-03   4.32228293E-06
     5.00000000E-01   1.81349445E-04   4.99886739E-01   1.09306712E-03   6.71884039E-06
     1.00000000E+00   2.03674791E-04   5.36241203E-01   9.70240171E-04   8.90311825E-06
     1.50000000E+00   2.04286560E-04   5.75335158E-01   7.97234956E-04   1.07291455E-05
     2.00000000E+00   2.18099151E-04   6.17196496E-01   6.53144011E-04   1.22075615E-05
     2.50000000E+00   2.29118341E-04   6.61387621E-01   5.72429259E-04   1.34620729E-05
     3.00000000E+00   2.40606164E-04   7.07609671E-01   5.28624639E-04   1.45957377E-05
     3.50000000E+00   2.53366444E-04   7.54560595E-01   4.89289695E-04   1.56383870E-05
     4.00000000E+00   2.66426776E-04   7.99619780E-01   4.42621117E-04   1.65792914E-05
     4.50000000E+00   2.80240670E-04   8.37712983E-01   3.88360966E-04   1.74012667E-05
     5.00000000E+00   2.94726899E-04   8.60479823E-01   3.28855181E-04   1.80910482E-05
     5.50000000E+00   3.09776598E-04   8.56598615E-01   2.66976962E-04   1.86413752E-05
     6.00000000E+00   3.25146839E-04   8.14713872E-01   2.06089973E-04   1.90520640E-05
     6.50000000E+00   3.40087161E-04   7.29015857E-01   1.49887986E-04   1.93307918E-05
     7.00000000E+00   3.53024575E-04   6.04769591E-01   1.01768057E-04   1.94927747E-05
     7.50000000E+00   3.61231657E-04   4.59327324E-01   6.39726326E-05   1.95586067E-05
     8.00000000E+00   3.60885292E-04   3.16375574E-01   3.69895867E-05   1.95504406E-05
     8.50000000E+00   3.47873457E-04   1.96407120E-01   1.95946421E-05   1.94876727E-05
     9.00000000E+00   3.19396422E-04   1.09596801E-01   9.50547501E-06   1.93840518E-05
     9.50000000E+00   2.75772563E-04   5.50095238E-02   4.24370723E-06   1.92490764E-05
     1.00000000E+01   2.21322986E-04   2.49425150E-02   1.76988660E-06   1.90946808E-05
     1.05000000E+01   1.63457501E-04   1.03003327E-02   7.15104974E-07   1.89367246E-05
     1.10000000E+01   1.10176192E-04   3.92486695E-03   3.03088282E-07   1.87876760E-05
     1.15000000E+01   6.73241611E-05   1.41031777E-03   1.53113517E-07   1.86544955E-05
     1.20000000E+01   3.70970705E-05   4.99910948E-04   1.00467991E-07   1.85382354E-05
     1.25000000E+01   1.83551361E-05   1.94406444E-04   8.11038579E-08   1.84347576E-05
     1.30000000E+01   8.12773183E-06   9.97543219E-05   7.22349628E-08   1.83387060E-05
     1.35000000E+01   3.21233221E-06   7.39726237E-05   6.63321454E-08   1.82463027E-05
     1.40000000E+01   1.13082627E-06   6.93321051E-05   6.10661346E-08   1.81555081E-05
     1.45000000E+01   3.53975093E-07   7.05950710E-05   5.57718825E-08   1.80653175E-05
     1.50000000E+01   9.83972261E-08   7.29982437E-05   5.02974579E-08   1.79752738E-05
     1.55000000E+01   2.42651925E-08   7.49359633E-05   4.46548608E-08   1.78852297E-05
     1.60000000E+01   5.30439590E-09   7.56943545E-05   3.89213777E-08   1.77952067E-05
     1.65000000E+01   1.02729710E-09   7.48325730E-05   3.32116242E-08   1.77053010E-05
     1.70000000E+01   1.76231172E-10   7.20751520E-05   2.76646011E-08   1.76156281E-05
     1.75000000E+01   2.68192413E-11   6.73442431E-05   2.24299126E-08   1.75262955E-05
     1.80000000E+01   3.67143840E-12   6.08029709E-05   1.76504128E-08   1.74373899E-05
     1.85000000E+01   5.06627915E-13   5.28585003E-05   1.34435090E-08   1.73489720E-05
     1.90000000E+01   1.26183352E-13   4.41077042E-05   9.88524326E-09   1.72610752E-05
     1.95000000E+01   8.82386269E-14   3.52339903E-05   7.00116736E-09   1.71737064E-05
     2.00000000E+01   8.78576292E-14   2.68834983E-05   4.76629405E-09   1.70868472E-05
     2.05000000E+01   9.12956457E-14   1.95567335E-05   3.11378802E-09   1.70004556E-05
     2.10000000E+01   9.48566857E-14   1.35448337E-05   1.94962708E-09   1.69144664E-05
     2.15000000E+01   9.81647648E-14   8.92194589E-06   1.16915214E-09   1.68287919E-05
     2.20000000E+01   1.00791827E-13   5.58540802E-06   6.71607058E-10   1.67433204E-05
     2.25000000E+01   1.02494750E-13   3.32223608E-06   3.70135826E-10   1.66579131E-05
     2.30000000E+01   1.02808316E-13   1.87787024E-06   1.96516122E-10   1.65724000E-05
     2.35000000E+01   1.01442795E-13   1.00959647E-06   1.01422512E-10   1.64865734E-05
     2.40000000E+01   9.81556104E-14   5.17391248E-07   5.18088351E-11   1.64001804E-05
     2.45000000E+01   9.28953620E-14   2.53964694E-07   2.70617915E-11   1.63129128E-05
     2.50000000E+01   8.56293303E-14   1.20693025E-07   1.51653818E-11   1.62243984E-05
     2.55000000E+01   7.67530490E-14   5.68737759E-08   9.55371396E-12   1.61341920E-05
     2.60000000E+01   6.67591339E-14   2.79027522E-08   6.85480446E-12   1.60417743E-05
     2.65000000E+01   5.61535642E-14   1.54014733E-08   5.43784002E-12   1.59465646E-05
     2.70000000E+01   4.56262504E-14   1.02296317E-08   4.55962714E-12   1.58479624E-05
     2.75000000E+01   3.57618537E-14   8.11036547E-09   3.90211479E-12   1.57454281E-05
     2.80000000E+01   2.69879136E-14   7.15334371E-09   3.33938339E-12   1.56385947E-05
     2.85000000E+01   1.95753335E-14   6.56887245E-09   2.82764441E-12   1.55273957E-05
     2.90000000E+01   1.36241560E-14   6.04943591E-09   2.35604055E-12   1.54121879E-05
     2.95000000E+01   9.11599041E-15   5.49133535E-09   1.92564551E-12   1.52938382E-05
     3.00000000E+01   5.92071713E-15   4.87567496E-09   1.54063683E-12   1.51737219E-05
     3.05000000E+01   3.60784372E-15   4.21852246E-09   1.20465286E-12   1.50535874E-05
     3.10000000E+01   2.11486272E-15   3.54916220E-09   9.19350135E-13   1.49352950E-05
     3.15000000E+01   7.02292667E-16   2.89935874E-09   6.83992290E-13   1.48205038E-05
     3.20000000E+01   0.00000000E+00   2.29725645E-09   4.95588974E-13   1.47104127E-05
     3.25000000E+01   0.00000000E+00   1.76384956E-09   3.49405246E-13   1.46056365E-05
     3.30000000E+01   0.00000000E+00   1.31141435E-09   2.39519719E-13   1.45062311E-05
     3.35000000E+01   0.00000000E+00   9.43593165E-10   1.59559350E-13   1.44118236E-05
     3.40000000E+01   0.00000000E+00   6.56735785E-10   1.03263121E-13   1.43217813E-05
     3.45000000E+01   0.00000000E+00   4.41985308E-10   6.49283128E-14   1.42353650E-05
     3.50000000E+01   0.00000000E+00   2.87574387E-10   3.96871467E-14   1.41518404E-05
     3.55000000E+01   0.00000000E+00   1.80890440E-10   2.36179096E-14   1.40705447E-05
     3.60000000E+01   0.00000000E+00   1.10034477E-10   1.37248871E-14   1.39909158E-05
     3.65000000E+01   0.00000000E+00   6.47782927E-11   7.83587980E-15   1.39124980E-05
     3.70000000E+01   0.00000000E+00   3.69700567E-11   4.43149711E-15   1.38349331E-05
     3.75000000E+01   0.00000000E+00   2.05242114E-11   2.52316942E-15   1.37579461E-05
     3.80000000E+01   0.00000000E+00   1.11574344E-11   1.47795822E-15   1.36813293E-05
     3.85000000E+01   0.00000000E+00   6.01435601E-12   9.13498105E-16   1.36049271E-05
     3.90000000E+01   0.00000000E+00   3.28624493E-12   6.07575200E-16   1.35286225E-05
     3.95000000E+01   0.00000000E+00   1.88169885E-12   4.36102465E-16   1.34523258E-05
     4.00000000E+01   0.00000000E+00   1.17227357E-12   0.00000000E+00   1.33759658E-05
     4.05000000E+01   0.00000000E+00   8.12301381E-13   0.00000000E+00   1.32994811E-05
     4.10000000E+01   0.00000000E+00   6.20197785E-13   0.00000000E+00   1.32228142E-05
     4.15000000E+01   0.00000000E+00   5.05088625E-13   0.00000000E+00   1.31459052E-05
     4.20000000E+01   0.00000000E+00   4.23965208E-13   0.00000000E+00   1.30686862E-05
     4.25000000E+01   0.00000000E+00   3.57920868E-13   0.00000000E+00   1.29910763E-05
     4.30000000E+01   0.00000000E+00   2.99583274E-13   0.00000000E+00   1.29129764E-05
     4.35000000E+01   0.00000000E+00   2.46714120E-13   0.00000000E+00   1.28342641E-05
     4.40000000E+01   0.00000000E+00   1.99110654E-13   0.00000000E+00   1.27547892E-05
     4.45000000E+01   0.00000000E+00   1.57149162E-13   0.00000000E+00   1.26743694E-05
     4.50000000E+01   0.00000000E+00   1.21155256E-13   0.00000000E+00   1.25927885E-05
     4.55000000E+01   0.00000000E+00   9.11762673E-14   0.00000000E+00   1.25097977E-05
     4.60000000E+01   0.00000000E+00   6.69473635E-14   0.00000000E+00   1.24251221E-05
     4.65000000E+01   0.00000000E+00   4.79471823E-14   0.00000000E+00   1.23384763E-05
     4.70000000E+01   0.00000000E+00   3.34875156E-14   0.00000000E+00   1.22495903E-05
     4.75000000E+01   0.00000000E+00   2.28077570E-14   0.00000000E+00   1.21582495E-05
     4.80000000E+01   0.00000000E+00   1.51436656E-14   0.00000000E+00   1.20643478E-05
     4.85000000E+01   0.00000000E+00   9.80787363E-15   0.00000000E+00   1.19679480E-05
     4.90000000E+01   0.00000000E+00   6.19902367E-15   0.00000000E+00   1.18693369E-05
     4.95000000E+01   0.00000000E+00   3.82701149E-15   0.00000000E+00   1.17690581E-05
     5.00000000E+01   0.00000000E+00   2.31155101E-15   0.00000000E+00   1.16679006E-05
     5.05000000E+01   0.00000000E+00   1.37005606E-15   0.00000000E+00   1.15668332E-05
     5.10000000E+01   0.00000000E+00   8.00871083E-16   0.00000000E+00   1.14668898E-05
     5.15000000E+01   0.00000000E+00   4.72429342E-16   0.00000000E+00   1.13690317E-05
     5.20000000E+01   0.00000000E+00   0.00000000E+00   0.00000000E+00   1.12740247E-05
     5.25000000E+01   0.00000000E+00   0.00000000E+00   0.00000000E+00   1.11823623E-05
     5.30000000E+01   0.00000000E+00   0.00000000E+00   0.00000000E+00   1.10942487E-05
     5.35000000E+01   0.00000000E+00   0.00000000E+00   0.00000000E+00   1.10096340E-05
     5.40000000E+01   0.00000000E+00   0.00000000E+00   0.00000000E+00   1.09282805E-05
     5.45000000E+01   0.00000000E+00   0.00000000E+00   0.00000000E+00   1.08498361E-05
     5.50000000E+01   0.00000000E+00   0.00000000E+00   0.00000000E+00   1.07738996E-05
     5.55000000E+01   0.00000000E+00   0.00000000E+00   0.00000000E+00   1.07000686E-05
     5.60000000E+01   0.00000000E+00   0.00000000E+00   0.00000000E+00   1.06279699E-05
     5.65000000E+01   0.00000000E+00   0.00000000E+00   0.00000000E+00   1.05572748E-05
     5.70000000E+01   0.00000000E+00   0.00000000E+00   0.00000000E+00   1.04877030E-05
     5.75000000E+01   0.00000000E+00   0.00000000E+00   0.00000000E+00   1.04190208E-05
     5.80000000E+01   0.00000000E+00   0.00000000E+00   0.00000000E+00   1.03510344E-05
     5.85000000E+01   0.00000000E+00   0.00000000E+00   0.00000000E+00   1.02835828E-05
     5.90000000E+01   0.00000000E+00   0.00000000E+00   0.00000000E+00   1.02165295E-05
     5.95000000E+01   0.00000000E+00   0.00000000E+00   0.00000000E+00   1.01497543E-05
     6.00000000E+01   0.00000000E+00   0.00000000E+00   0.00000000E+00   1.00831472E-05
     6.05000000E+01   0.00000000E+00   0.00000000E+00   0.00000000E+00   1.00166010E-05
     6.10000000E+01   0.00000000E+00   0.00000000E+00   0.00000000E+00   9.95000645E-06
     6.15000000E+01   0.00000000E+00   0.00000000E+00   0.00000000E+00   9.88324728E-06
     6.20000000E+01   0.00000000E+00   0.00000000E+00   0.00000000E+00   9.81619616E-06
     6.25000000E+01   0.00000000E+00   0.00000000E+00   0.00000000E+00   9.74871206E-06
     6.30000000E+01   0.00000000E+00   0.00000000E+00   0.00000000E+00   9.68063865E-06
     6.35000000E+01   0.00000000E+00   0.00000000E+00   0.00000000E+00   9.61180461E-06
     6.40000000E+01   0.00000000E+00   0.00000000E+00   0.00000000E+00   9.54202620E-06
     6.45000000E+01   0.00000000E+00   0.00000000E+00   0.00000000E+00   9.47111271E-06
     6.50000000E+01   0.00000000E+00   0.00000000E+00   0.00000000E+00   9.39887535E-06
     6.55000000E+01   0.00000000E+00   0.00000000E+00   0.00000000E+00   9.32513996E-06
     6.60000000E+01   0.00000000E+00   0.00000000E+00   0.00000000E+00   9.24976324E-06
     6.65000000E+01   0.00000000E+00   0.00000000E+00   0.00000000E+00   9.17265181E-06
     6.70000000E+01   0.00000000E+00   0.00000000E+00   0.00000000E+00   9.09378206E-06
     6.75000000E+01   0.00000000E+00   0.00000000E+00   0.00000000E+00   9.01321821E-06
     6.80000000E+01   0.00000000E+00   0.00000000E+00   0.00000000E+00   8.93112491E-06
     6.85000000E+01   0.00000000E+00   0.00000000E+00   0.00000000E+00   8.84777097E-06
     6.90000000E+01   0.00000000E+00   0.00000000E+00   0.00000000E+00   8.76352171E-06
     6.95000000E+01   0.00000000E+00   0.00000000E+00   0.00000000E+00   8.67881918E-06
     7.00000000E+01   0.00000000E+00   0.00000000E+00   0.00000000E+00   8.59415207E-06
     7.05000000E+01   0.00000000E+00   0.00000000E+00   0.00000000E+00   8.51001965E-06
     7.10000000E+01   0.00000000E+00   0.00000000E+00   0.00000000E+00   8.42689493E-06
     7.15000000E+01   0.00000000E+00   0.00000000E+00   0.00000000E+00   8.34519289E-06
     7.20000000E+01   0.00000000E+00   0.00000000E+00   0.00000000E+00   8.26524761E-06
     7.25000000E+01   0.00000000E+00   0.00000000E+00   0.00000000E+00   8.18730033E-06
     7.30000000E+01   0.00000000E+00   0.00000000E+00   0.00000000E+00   8.11149804E-06
     7.35000000E+01   0.00000000E+00   0.00000000E+00   0.00000000E+00   8.03790046E-06
     7.40000000E+01   0.00000000E+00   0.00000000E+00   0.00000000E+00   7.96649267E-06
     7.45000000E+01   0.00000000E+00   0.00000000E+00   0.00000000E+00   7.89720023E-06
     7.50000000E+01   0.00000000E+00   0.00000000E+00   0.00000000E+00   7.82990453E-06
     7.55000000E+01   0.00000000E+00   0.00000000E+00   0.00000000E+00   7.76445668E-06
     7.60000000E+01   0.00000000E+00   0.00000000E+00   0.00000000E+00   7.70068897E-06
     7.65000000E+01   0.00000000E+00   0.00000000E+00   0.00000000E+00   7.63842371E-06
     7.70000000E+01   0.00000000E+00   0.00000000E+00   0.00000000E+00   7.57747941E-06
     7.75000000E+01   0.00000000E+00   0.00000000E+00   0.00000000E+00   7.51767483E-06
     7.80000000E+01   0.00000000E+00   0.00000000E+00   0.00000000E+00   7.45883123E-06
     7.85000000E+01   0.00000000E+00   0.00000000E+00   0.00000000E+00   7.40077333E-06
     7.90000000E+01   0.00000000E+00   0.00000000E+00   0.00000000E+00   7.34332934E-06
     7.95000000E+01   0.00000000E+00   0.00000000E+00   0.00000000E+00   7.28633059E-06
     8.00000000E+01   0.00000000E+00   0.00000000E+00   0.00000000E+00   7.22961085E-06
     8.05000000E+01   0.00000000E+00   0.00000000E+00   0.00000000E+00   7.17300576E-06
     8.10000000E+01   0.00000000E+00   0.00000000E+00   0.00000000E+00   7.11635264E-06
     8.15000000E+01   0.00000000E+00   0.00000000E+00   0.00000000E+00   7.05949061E-06
     8.20000000E+01   0.00000000E+00   0.00000000E+00   0.00000000E+00   7.00226149E-06
     8.25000000E+01   0.00000000E+00   0.00000000E+00   0.00000000E+00   6.94451139E-06
     8.30000000E+01   0.00000000E+00   0.00000000E+00   0.00000000E+00   6.88609320E-06
     8.35000000E+01   0.00000000E+00   0.00000000E+00   0.00000000E+00   6.82686993E-06
     8.40000000E+01   0.00000000E+00   0.00000000E+00   0.00000000E+00   6.76671897E-06
     8.45000000E+01   0.00000000E+00   0.00000000E+00   0.00000000E+00   6.70553703E-06
     8.50000000E+01   0.00000000E+00   0.00000000E+00   0.00000000E+00   6.64324568E-06
     8.55000000E+01   0.00000000E+00   0.00000000E+00   0.00000000E+00   6.57979697E-06
     8.60000000E+01   0.00000000E+00   0.00000000E+00   0.00000000E+00   6.51517890E-06
     8.65000000E+01   0.00000000E+00   0.00000000E+00   0.00000000E+00   6.44941994E-06
     8.70000000E+01   0.00000000E+00   0.00000000E+00   0.00000000E+00   6.38259222E-06
     8.75000000E+01   0.00000000E+00   0.00000000E+00   0.00000000E+00   6.31481273E-06
     8.80000000E+01   0.00000000E+00   0.00000000E+00   0.00000000E+00   6.24624210E-06
     8.85000000E+01   0.00000000E+00   0.00000000E+00   0.00000000E+00   6.17708075E-06
     8.90000000E+01   0.00000000E+00   0.00000000E+00   0.00000000E+00   6.10756227E-06
     8.95000000E+01   0.00000000E+00   0.00000000E+00   0.00000000E+00   6.03794458E-06
     9.00000000E+01   0.00000000E+00   0.00000000E+00   0.00000000E+00   5.96849926E-06
     9.05000000E+01   0.00000000E+00   0.00000000E+00   0.00000000E+00   5.89949997E-06
     9.10000000E+01   0.00000000E+00   0.00000000E+00   0.00000000E+00   5.83121076E-06
     9.15000000E+01   0.00000000E+00   0.00000000E+00   0.00000000E+00   5.76387538E-06
     9.20000000E+01   0.00000000E+00   0.00000000E+00   0.00000000E+00   5.69770817E-06
     9.25000000E+01   0.00000000E+00   0.00000000E+00   0.00000000E+00   5.63288708E-06
     9.30000000E+01   0.00000000E+00   0.00000000E+00   0.00000000E+00   5.56954926E-06
     9.35000000E+01   0.00000000E+00   0.00000000E+00   0.00000000E+00   5.50778902E-06
     9.40000000E+01   0.00000000E+00   0.00000000E+00   0.00000000E+00   5.44765808E-06
     9.45000000E+01   0.00000000E+00   0.00000000E+00   0.00000000E+00   5.38916761E-06
     9.50000000E+01   0.00000000E+00   0.00000000E+00   0.00000000E+00   5.33229170E-06
     9.55000000E+01   0.00000000E+00   0.00000000E+00   0.00000000E+00   5.27697169E-06
     9.60000000E+01   0.00000000E+00   0.00000000E+00   0.00000000E+00   5.22312102E-06
     9.65000000E+01   0.00000000E+00   0.00000000E+00   0.00000000E+00   5.17063012E-06
     9.70000000E+01   0.00000000E+00   0.00000000E+00   0.00000000E+00   5.11937113E-06
     9.75000000E+01   0.00000000E+00   0.00000000E+00   0.00000000E+00   5.06920237E-06
     9.80000000E+01   0.00000000E+00   0.00000000E+00   0.00000000E+00   5.01997224E-06
     9.85000000E+01   0.00000000E+00   0.00000000E+00   0.00000000E+00   4.97152275E-06
     9.90000000E+01   0.00000000E+00   0.00000000E+00   0.00000000E+00   4.92369260E-06
     9.95000000E+01   0.00000000E+00   0.00000000E+00   0.00000000E+00   4.87631985E-06
     1.00000000E+02   0.00000000E+00   0.00000000E+00   0.00000000E+00   4.82924435E-06
     1.00500000E+02   0.00000000E+00   0.00000000E+00   0.00000000E+00   4.78230990E-06
     1.01000000E+02   0.00000000E+00   0.00000000E+00   0.00000000E+00   4.73536632E-06
     1.01500000E+02   0.00000000E+00   0.00000000E+00   0.00000000E+00   4.68827152E-06
     1.02000000E+02   0.00000000E+00   0.00000000E+00   0.00000000E+00   4.64089343E-06
     1.02500000E+02   0.00000000E+00   0.00000000E+00   0.00000000E+00   4.59311214E-06
     1.03000000E+02   0.00000000E+00   0.00000000E+00   0.00000000E+00   4.54482192E-06
     1.03500000E+02   0.00000000E+00   0.00000000E+00   0.00000000E+00   4.49593343E-06
     1.04000000E+02   0.00000000E+00   0.00000000E+00   0.00000000E+00   4.44637574E-06
     1.04500000E+02   0.00000000E+00   0.00000000E+00   0.00000000E+00   4.39609840E-06
     1.05000000E+02   0.00000000E+00   0.00000000E+00   0.00000000E+00   4.34507322E-06
     1.05500000E+02   0.00000000E+00   0.00000000E+00   0.00000000E+00   4.29329579E-06
     1.06000000E+02   0.00000000E+00   0.00000000E+00   0.00000000E+00   4.24078652E-06
     1.06500000E+02   0.00000000E+00   0.00000000E+00   0.00000000E+00   4.18759109E-06
     1.07000000E+02   0.00000000E+00   0.00000000E+00   0.00000000E+00   4.13378027E-06
     1.07500000E+02   0.00000000E+00   0.00000000E+00   0.00000000E+00   4.07944883E-06
     1.08000000E+02   0.00000000E+00   0.00000000E+00   0.00000000E+00   4.02471367E-06
     1.08500000E+02   0.00000000E+00   0.00000000E+00   0.00000000E+00   3.96971105E-06
     1.09000000E+02   0.00000000E+00   0.00000000E+00   0.00000000E+00   3.91459295E-06
     1.09500000E+02   0.00000000E+00   0.00000000E+00   0.00000000E+00   3.85952280E-06
     1.10000000E+02   0.00000000E+00   0.00000000E+00   0.00000000E+00   3.80467053E-06
     1.10500000E+02   0.00000000E+00   0.00000000E+00   0.00000000E+00   3.75020739E-06
     1.11000000E+02   0.00000000E+00   0.00000000E+00   0.00000000E+00   3.69630053E-06
     1.11500000E+02   0.00000000E+00   0.00000000E+00   0.00000000E+00   3.64310788E-06
     1.12000000E+02   0.00000000E+00   0.00000000E+00   0.00000000E+00   3.59077326E-06
     1.12500000E+02   0.00000000E+00   0.00000000E+00   0.00000000E+00   3.53942225E-06
     1.13000000E+02   0.00000000E+00   0.00000000E+00   0.00000000E+00   3.48915871E-06
     1.13500000E+02   0.00000000E+00   0.00000000E+00   0.00000000E+00   3.44006234E-06
     1.14000000E+02   0.00000000E+00   0.00000000E+00   0.00000000E+00   3.39218704E-06
     1.14500000E+02   0.00000000E+00   0.00000000E+00   0.00000000E+00   3.34556039E-06
     1.15000000E+02   0.00000000E+00   0.00000000E+00   0.00000000E+00   3.30018396E-06
     1.15500000E+02   0.00000000E+00   0.00000000E+00   0.00000000E+00   3.25603441E-06
     1.16000000E+02   0.00000000E+00   0.00000000E+00   0.00000000E+00   3.21306532E-06
     1.16500000E+02   0.00000000E+00   0.00000000E+00   0.00000000E+00   3.17120958E-06
     1.17000000E+02   0.00000000E+00   0.00000000E+00   0.00000000E+00   3.13038221E-06
     1.17500000E+02   0.00000000E+00   0.00000000E+00   0.00000000E+00   3.09048335E-06
     1.18000000E+02   0.00000000E+00   0.00000000E+00   0.00000000E+00   3.05140156E-06
     1.18500000E+02   0.00000000E+00   0.00000000E+00   0.00000000E+00   3.01301706E-06
     1.19000000E+02   0.00000000E+00   0.00000000E+00   0.00000000E+00   2.97520494E-06
     1.19500000E+02   0.00000000E+00   0.00000000E+00   0.00000000E+00   2.93783836E-06
     1.20000000E+02   0.00000000E+00   0.00000000E+00   0.00000000E+00   2.90079145E-06
     1.20500000E+02   0.00000000E+00   0.00000000E+00   0.00000000E+00   2.86394211E-06
     1.21000000E+02   0.00000000E+00   0.00000000E+00   0.00000000E+00   2.82717455E-06
     1.21500000E+02   0.00000000E+00   0.00000000E+00   0.00000000E+00   2.79038160E-06
     1.22000000E+02   0.00000000E+00   0.00000000E+00   0.00000000E+00   2.75346668E-06
     1.22500000E+02   0.00000000E+00   0.00000000E+00   0.00000000E+00   2.71634562E-06
     1.23000000E+02   0.00000000E+00   0.00000000E+00   0.00000000E+00   2.67894800E-06
     1.23500000E+02   0.00000000E+00   0.00000000E+00   0.00000000E+00   2.64121839E-06
     1.24000000E+02   0.00000000E+00   0.00000000E+00   0.00000000E+00   2.60311707E-06
     1.24500000E+02   0.00000000E+00   0.00000000E+00   0.00000000E+00   2.56462055E-06
     1.25000000E+02   0.00000000E+00   0.00000000E+00   0.00000000E+00   2.52572171E-06
     1.25500000E+02   0.00000000E+00   0.00000000E+00   0.00000000E+00   2.48642962E-06
     1.26000000E+02   0.00000000E+00   0.00000000E+00   0.00000000E+00   2.44676896E-06
     1.26500000E+02   0.00000000E+00   0.00000000E+00   0.00000000E+00   2.40677925E-06
     1.27000000E+02   0.00000000E+00   0.00000000E+00   0.00000000E+00   2.36651370E-06
     1.27500000E+02   0.00000000E+00   0.00000000E+00   0.00000000E+00   2.32603776E-06
     1.28000000E+02   0.00000000E+00   0.00000000E+00   0.00000000E+00   2.28542761E-06
     1.28500000E+02   0.00000000E+00   0.00000000E+00   0.00000000E+00   2.24476824E-06
     1.29000000E+02   0.00000000E+00   0.00000000E+00   0.00000000E+00   2.20415163E-06
     1.29500000E+02   0.00000000E+00   0.00000000E+00   0.00000000E+00   2.16367469E-06
     1.30000000E+02   0.00000000E+00   0.00000000E+00   0.00000000E+00   2.12343723E-06
     1.30500000E+02   0.00000000E+00   0.00000000E+00   0.00000000E+00   2.08353993E-06
     1.31000000E+02   0.00000000E+00   0.00000000E+00   0.00000000E+00   2.04408240E-06
     1.31500000E+02   0.00000000E+00   0.00000000E+00   0.00000000E+00   2.00516118E-06
     1.32000000E+02   0.00000000E+00   0.00000000E+00   0.00000000E+00   1.96686791E-06
     1.32500000E+02   0.00000000E+00   0.00000000E+00   0.00000000E+00   1.92928738E-06
     1.33000000E+02   0.00000000E+00   0.00000000E+00   0.00000000E+00   1.89249563E-06
     1.33500000E+02   0.00000000E+00   0.00000000E+00   0.00000000E+00   1.85655783E-06
     1.34000000E+02   0.00000000E+00   0.00000000E+00   0.00000000E+00   1.82152602E-06
     1.34500000E+02   0.00000000E+00   0.00000000E+00   0.00000000E+00   1.78743655E-06
     1.35000000E+02   0.00000000E+00   0.00000000E+00   0.00000000E+00   1.75430752E-06
     1.35500000E+02   0.00000000E+00   0.00000000E+00   0.00000000E+00   1.72213632E-06
     1.36000000E+02   0.00000000E+00   0.00000000E+00   0.00000000E+00   1.69089797E-06
     1.36500000E+02   0.00000000E+00   0.00000000E+00   0.00000000E+00   1.66054498E-06
     1.37000000E+02   0.00000000E+00   0.00000000E+00   0.00000000E+00   1.63100929E-06
     1.37500000E+02   0.00000000E+00   0.00000000E+00   0.00000000E+00   1.60220689E-06
     1.38000000E+02   0.00000000E+00   0.00000000E+00   0.00000000E+00   1.57404436E-06
     1.38500000E+02   0.00000000E+00   0.00000000E+00   0.00000000E+00   1.54642632E-06
     1.39000000E+02   0.00000000E+00   0.00000000E+00   0.00000000E+00   1.51926213E-06
     1.39500000E+02   0.00000000E+00   0.00000000E+00   0.00000000E+00   1.49247017E-06
     1.40000000E+02   0.00000000E+00   0.00000000E+00   0.00000000E+00   1.46597943E-06
     1.40500000E+02   0.00000000E+00   0.00000000E+00   0.00000000E+00   1.43972849E-06
     1.41000000E+02   0.00000000E+00   0.00000000E+00   0.00000000E+00   1.41366328E-06
     1.41500000E+02   0.00000000E+00   0.00000000E+00   0.00000000E+00   1.38773456E-06
     1.42000000E+02   0.00000000E+00   0.00000000E+00   0.00000000E+00   1.36189612E-06
     1.42500000E+02   0.00000000E+00   0.00000000E+00   0.00000000E+00   1.33610402E-06
     1.43000000E+02   0.00000000E+00   0.00000000E+00   0.00000000E+00   1.31031696E-06
     1.43500000E+02   0.00000000E+00   0.00000000E+00   0.00000000E+00   1.28449742E-06
     1.44000000E+02   0.00000000E+00   0.00000000E+00   0.00000000E+00   1.25861325E-06
     1.44500000E+02   0.00000000E+00   0.00000000E+00   0.00000000E+00   1.23263943E-06
     1.45000000E+02   0.00000000E+00   0.00000000E+00   0.00000000E+00   1.20655976E-06
     1.45500000E+02   0.00000000E+00   0.00000000E+00   0.00000000E+00   1.18036811E-06
     1.46000000E+02   0.00000000E+00   0.00000000E+00   0.00000000E+00   1.15406937E-06
     1.46500000E+02   0.00000000E+00   0.00000000E+00   0.00000000E+00   1.12767976E-06
     1.47000000E+02   0.00000000E+00   0.00000000E+00   0.00000000E+00   1.10122671E-06
     1.47500000E+02   0.00000000E+00   0.00000000E+00   0.00000000E+00   1.07474811E-06
     1.48000000E+02   0.00000000E+00   0.00000000E+00   0.00000000E+00   1.04829113E-06
     1.48500000E+02   0.00000000E+00   0.00000000E+00   0.00000000E+00   1.02191062E-06
     1.49000000E+02   0.00000000E+00   0.00000000E+00   0.00000000E+00   9.95667189E-07
     1.49500000E+02   0.00000000E+00   0.00000000E+00   0.00000000E+00   9.69625108E-07
     1.50000000E+02   0.00000000E+00   0.00000000E+00   0.00000000E+00   9.43850076E-07
     1.50500000E+02   0.00000000E+00   0.00000000E+00   0.00000000E+00   9.18407065E-07
     1.51000000E+02   0.00000000E+00   0.00000000E+00   0.00000000E+00   8.93358275E-07
     1.51500000E+02   0.00000000E+00   0.00000000E+00   0.00000000E+00   8.68761304E-07
     1.52000000E+02   0.00000000E+00   0.00000000E+00   0.00000000E+00   8.44667612E-07
     1.52500000E+02   0.00000000E+00   0.00000000E+00   0.00000000E+00   8.21121301E-07
     1.53000000E+02   0.00000000E+00   0.00000000E+00   0.00000000E+00   7.98158246E-07
     1.53500000E+02   0.00000000E+00   0.00000000E+00   0.00000000E+00   7.75805564E-07
     1.54000000E+02   0.00000000E+00   0.00000000E+00   0.00000000E+00   7.54081409E-07
     1.54500000E+02   0.00000000E+00   0.00000000E+00   0.00000000E+00   7.32995061E-07
     1.55000000E+02   0.00000000E+00   0.00000000E+00   0.00000000E+00   7.12547256E-07
     1.55500000E+02   0.00000000E+00   0.00000000E+00   0.00000000E+00   6.92730732E-07
     1.56000000E+02   0.00000000E+00   0.00000000E+00   0.00000000E+00   6.73530934E-07
     1.56500000E+02   0.00000000E+00   0.00000000E+00   0.00000000E+00   6.54926829E-07
     1.57000000E+02   0.00000000E+00   0.00000000E+00   0.00000000E+00   6.36891809E-07
     1.57500000E+02   0.00000000E+00   0.00000000E+00   0.00000000E+00   6.19394639E-07
     1.58000000E+02   0.00000000E+00   0.00000000E+00   0.00000000E+00   6.02400418E-07
     1.58500000E+02   0.00000000E+00   0.00000000E+00   0.00000000E+00   5.85871548E-07
     1.59000000E+02   0.00000000E+00   0.00000000E+00   0.00000000E+00   5.69768670E-07
     1.59500000E+02   0.00000000E+00   0.00000000E+00   0.00000000E+00   5.54051586E-07
     1.60000000E+02   0.00000000E+00   0.00000000E+00   0.00000000E+00   5.38680121E-07
     1.60500000E+02   0.00000000E+00   0.00000000E+00   0.00000000E+00   5.23614955E-07
     1.61000000E+02   0.00000000E+00   0.00000000E+00   0.00000000E+00   5.08818385E-07
     1.61500000E+02   0.00000000E+00   0.00000000E+00   0.00000000E+00   4.94255038E-07
     1.62000000E+02   0.00000000E+00   0.00000000E+00   0.00000000E+00   4.79892507E-07
     1.62500000E+02   0.00000000E+00   0.00000000E+00   0.00000000E+00   4.65701918E-07
     1.63000000E+02   0.00000000E+00   0.00000000E+00   0.00000000E+00   4.51658418E-07
     1.63500000E+02   0.00000000E+00   0.00000000E+00   0.00000000E+00   4.37741562E-07
     1.64000000E+02   0.00000000E+00   0.00000000E+00   0.00000000E+00   4.23935612E-07
     1.64500000E+02   0.00000000E+00   0.00000000E+00   0.00000000E+00   4.10229722E-07
     1.65000000E+02   0.00000000E+00   0.00000000E+00   0.00000000E+00   3.96618010E-07
     1.65500000E+02   0.00000000E+00   0.00000000E+00   0.00000000E+00   3.83099520E-07
     1.66000000E+02   0.00000000E+00   0.00000000E+00   0.00000000E+00   3.69678051E-07
     1.66500000E+02   0.00000000E+00   0.00000000E+00   0.00000000E+00   3.56361883E-07
     1.67000000E+02   0.00000000E+00   0.00000000E+00   0.00000000E+00   3.43163379E-07
     1.67500000E+02   0.00000000E+00   0.00000000E+00   0.00000000E+00   3.30098498E-07
     1.68000000E+02   0.00000000E+00   0.00000000E+00   0.00000000E+00   3.17186214E-07
     1.68500000E+02   0.00000000E+00   0.00000000E+00   0.00000000E+00   3.04447870E-07
     1.69000000E+02   0.00000000E+00   0.00000000E+00   0.00000000E+00   2.91906489E-07
     1.69500000E+02   0.00000000E+00   0.00000000E+00   0.00000000E+00   2.79586054E-07
     1.70000000E+02   0.00000000E+00   0.00000000E+00   0.00000000E+00   2.67510797E-07
     1.70500000E+02   0.00000000E+00   0.00000000E+00   0.00000000E+00   2.55704504E-07
     1.71000000E+02   0.00000000E+00   0.00000000E+00   0.00000000E+00   2.44189871E-07
     1.71500000E+02   0.00000000E+00   0.00000000E+00   0.00000000E+00   2.32987916E-07
     1.72000000E+02   0.00000000E+00   0.00000000E+00   0.00000000E+00   2.22117475E-07
     1.72500000E+02   0.00000000E+00   0.00000000E+00   0.00000000E+00   2.11594783E-07
     1.73000000E+02   0.00000000E+00   0.00000000E+00   0.00000000E+00   2.01433152E-07
     1.73500000E+02   0.00000000E+00   0.00000000E+00   0.00000000E+00   1.91642750E-07
     1.74000000E+02   0.00000000E+00   0.00000000E+00   0.00000000E+00   1.82230471E-07
     1.74500000E+02   0.00000000E+00   0.00000000E+00   0.00000000E+00   1.73199909E-07
     1.75000000E+02   0.00000000E+00   0.00000000E+00   0.00000000E+00   1.64551405E-07
     1.75500000E+02   0.00000000E+00   0.00000000E+00   0.00000000E+00   1.56282189E-07
     1.76000000E+02   0.00000000E+00   0.00000000E+00   0.00000000E+00   1.48386576E-07
     1.76500000E+02   0.00000000E+00   0.00000000E+00   0.00000000E+00   1.40856235E-07
     1.77000000E+02   0.00000000E+00   0.00000000E+00   0.00000000E+00   1.33680490E-07
     1.77500000E+02   0.00000000E+00   0.00000000E+00   0.00000000E+00   1.26846675E-07
     1.78000000E+02   0.00000000E+00   0.00000000E+00   0.00000000E+00   1.20340499E-07
     1.78500000E+02   0.00000000E+00   0.00000000E+00   0.00000000E+00   1.14146433E-07
     1.79000000E+02   0.00000000E+00   0.00000000E+00   0.00000000E+00   1.08248101E-07
     1.79500000E+02   0.00000000E+00   0.00000000E+00   0.00000000E+00   1.02628660E-07
     1.80000000E+02   0.00000000E+00   0.00000000E+00   0.00000000E+00   9.72711678E-08
     1.80500000E+02   0.00000000E+00   0.00000000E+00   0.00000000E+00   9.21589180E-08
     1.81000000E+02   0.00000000E+00   0.00000000E+00   0.00000000E+00   8.72757479E-08
     1.81500000E+02   0.00000000E+00   0.00000000E+00   0.00000000E+00   8.26063004E-08
     1.82000000E+02   0.00000000E+00   0.00000000E+00   0.00000000E+00   7.81362404E-08
     1.82500000E+02   0.00000000E+00   0.00000000E+00   0.00000000E+00   7.38524223E-08
     1.83000000E+02   0.00000000E+00   0.00000000E+00   0.00000000E+00   6.97430060E-08
     1.83500000E+02   0.00000000E+00   0.00000000E+00   0.00000000E+00   6.57975237E-08
     1.84000000E+02   0.00000000E+00   0.00000000E+00   0.00000000E+00   6.20068989E-08
     1.84500000E+02   0.00000000E+00   0.00000000E+00   0.00000000E+00   5.83634235E-08
     1.85000000E+02   0.00000000E+00   0.00000000E+00   0.00000000E+00   5.48606980E-08
     1.85500000E+02   0.00000000E+00   0.00000000E+00   0.00000000E+00   5.14935413E-08
     1.86000000E+02   0.00000000E+00   0.00000000E+00   0.00000000E+00   4.82578775E-08
     1.86500000E+02   0.00000000E+00   0.00000000E+00   0.00000000E+00   4.51506055E-08
     1.87000000E+02   0.00000000E+00   0.00000000E+00   0.00000000E+00   4.21694583E-08
     1.87500000E+02   0.00000000E+00   0.00000000E+00   0.00000000E+00   3.93128574E-08
     1.88000000E+02   0.00000000E+00   0.00000000E+00   0.00000000E+00   3.65797659E-08
     1.88500000E+02   0.00000000E+00   0.00000000E+00   0.00000000E+00   3.39695455E-08
     1.89000000E+02   0.00000000E+00   0.00000000E+00   0.00000000E+00   3.14818181E-08
     1.89500000E+02   0.00000000E+00   0.00000000E+00   0.00000000E+00   2.91163361E-08
     1.90000000E+02   0.00000000E+00   0.00000000E+00   0.00000000E+00   2.68728621E-08
     1.90500000E+02   0.00000000E+00   0.00000000E+00   0.00000000E+00   2.47510591E-08
     1.91000000E+02   0.00000000E+00   0.00000000E+00   0.00000000E+00   2.27503923E-08
     1.91500000E+02   0.00000000E+00   0.00000000E+00   0.00000000E+00   2.08700447E-08
     1.92000000E+02   0.00000000E+00   0.00000000E+00   0.00000000E+00   1.91088455E-08
     1.92500000E+02   0.00000000E+00   0.00000000E+00   0.00000000E+00   1.74652137E-08
     1.93000000E+02   0.00000000E+00   0.00000000E+00   0.00000000E+00   1.59371174E-08
     1.93500000E+02   0.00000000E+00   0.00000000E+00   0.00000000E+00   1.45220488E-08
     1.94000000E+02   0.00000000E+00   0.00000000E+00   0.00000000E+00   1.32170160E-08
     1.94500000E+02   0.00000000E+00   0.00000000E+00   0.00000000E+00   1.20185500E-08
     1.95000000E+02   0.00000000E+00   0.00000000E+00   0.00000000E+00   1.09227279E-08
     1.95500000E+02   0.00000000E+00   0.00000000E+00   0.00000000E+00   9.92520951E-09
     1.96000000E+02   0.00000000E+00   0.00000000E+00   0.00000000E+00   9.02128626E-09
     1.96500000E+02   0.00000000E+00   0.00000000E+00   0.00000000E+00   8.20594016E-09
     1.97000000E+02   0.00000000E+00   0.00000000E+00   0.00000000E+00   7.47390982E-09
     1.97500000E+02   0.00000000E+00   0.00000000E+00   0.00000000E+00   6.81976118E-09
     1.98000000E+02   0.00000000E+00   0.00000000E+00   0.00000000E+00   6.23795996E-09
     1.98500000E+02   0.00000000E+00   0.00000000E+00   0.00000000E+00   5.72294325E-09
     1.99000000E+02   0.00000000E+00   0.00000000E+00   0.00000000E+00   5.26918792E-09
     1.99500000E+02   0.00000000E+00   0.00000000E+00   0.00000000E+00   4.87127377E-09
     2.00000000E+02   0.00000000E+00   0.00000000E+00   0.00000000E+00   4.52394004E-09
     2.00500000E+02   0.00000000E+00   0.00000000E+00   0.00000000E+00   4.22213394E-09
     2.01000000E+02   0.00000000E+00   0.00000000E+00   0.00000000E+00   3.96105088E-09
     2.01500000E+02   0.00000000E+00   0.00000000E+00   0.00000000E+00   3.73616590E-09
     2.02000000E+02   0.00000000E+00   0.00000000E+00   0.00000000E+00   3.54325654E-09
     2.02500000E+02   0.00000000E+00   0.00000000E+00   0.00000000E+00   3.37841765E-09
     2.03000000E+02   0.00000000E+00   0.00000000E+00   0.00000000E+00   3.23806861E-09
     2.03500000E+02   0.00000000E+00   0.00000000E+00   0.00000000E+00   3.11895387E-09
     2.04000000E+02   0.00000000E+00   0.00000000E+00   0.00000000E+00   3.01813765E-09
     2.04500000E+02   0.00000000E+00   0.00000000E+00   0.00000000E+00   2.93299374E-09
     2.05000000E+02   0.00000000E+00   0.00000000E+00   0.00000000E+00   2.86119133E-09
     2.05500000E+02   0.00000000E+00   0.00000000E+00   0.00000000E+00   2.80067780E-09
     2.06000000E+02   0.00000000E+00   0.00000000E+00   0.00000000E+00   2.74965924E-09
     2.06500000E+02   0.00000000E+00   0.00000000E+00   0.00000000E+00   2.70657963E-09
     2.07000000E+02   0.00000000E+00   0.00000000E+00   0.00000000E+00   2.67009924E-09
     2.07500000E+02   0.00000000E+00   0.00000000E+00   0.00000000E+00   2.63907297E-09
     2.08000000E+02   0.00000000E+00   0.00000000E+00   0.00000000E+00   2.61252902E-09
     2.08500000E+02   0.00000000E+00   0.00000000E+00   0.00000000E+00   2.58964851E-09
     2.09000000E+02   0.00000000E+00   0.00000000E+00   0.00000000E+00   2.56974610E-09
     2.09500000E+02   0.00000000E+00   0.00000000E+00   0.00000000E+00   2.55225212E-09
     2.10000000E+02   0.00000000E+00   0.00000000E+00   0.00000000E+00   2.53669614E-09
     2.10500000E+02   0.00000000E+00   0.00000000E+00   0.00000000E+00   2.52269217E-09
     2.11000000E+02   0.00000000E+00   0.00000000E+00   0.00000000E+00   2.50992550E-09
     2.11500000E+02   0.00000000E+00   0.00000000E+00   0.00000000E+00   2.49814110E-09
     2.12000000E+02   0.00000000E+00   0.00000000E+00   0.00000000E+00   2.48713352E-09
     2.12500000E+02   0.00000000E+00   0.00000000E+00   0.00000000E+00   2.47673820E-09
     2.13000000E+02   0.00000000E+00   0.00000000E+00   0.00000000E+00   2.46682411E-09
     2.13500000E+02   0.00000000E+00   0.00000000E+00   0.00000000E+00   2.45728744E-09
     2.14000000E+02   0.00000000E+00   0.00000000E+00   0.00000000E+00   2.44804641E-09
     2.14500000E+02   0.00000000E+00   0.00000000E+00   0.00000000E+00   2.43903693E-09
     2.15000000E+02   0.00000000E+00   0.00000000E+00   0.00000000E+00   2.43020904E-09
     2.15500000E+02   0.00000000E+00   0.00000000E+00   0.00000000E+00   2.42152397E-09
     2.16000000E+02   0.00000000E+00   0.00000000E+00   0.00000000E+00   2.41295178E-09
     2.16500000E+02   0.00000000E+00   0.00000000E+00   0.00000000E+00   2.40446949E-09
     2.17000000E+02   0.00000000E+00   0.00000000E+00   0.00000000E+00   2.39605951E-09
     2.17500000E+02   0.00000000E+00   0.00000000E+00   0.00000000E+00   2.38770846E-09
     2.18000000E+02   0.00000000E+00   0.00000000E+00   0.00000000E+00   2.37940621E-09
     2.18500000E+02   0.00000000E+00   0.00000000E+00   0.00000000E+00   2.37114511E-09
     2.19000000E+02   0.00000000E+00   0.00000000E+00   0.00000000E+00   2.36291944E-09
     2.19500000E+02   0.00000000E+00   0.00000000E+00   0.00000000E+00   2.35472491E-09
     2.20000000E+02   0.00000000E+00   0.00000000E+00   0.00000000E+00   2.34655832E-09
     2.20500000E+02   0.00000000E+00   0.00000000E+00   0.00000000E+00   2.33841732E-09
     2.21000000E+02   0.00000000E+00   0.00000000E+00   0.00000000E+00   2.33030016E-09
     2.21500000E+02   0.00000000E+00   0.00000000E+00   0.00000000E+00   2.32220555E-09
     2.22000000E+02   0.00000000E+00   0.00000000E+00   0.00000000E+00   2.31413255E-09
     2.22500000E+02   0.00000000E+00   0.00000000E+00   0.00000000E+00   2.30608047E-09
     2.23000000E+02   0.00000000E+00   0.00000000E+00   0.00000000E+00   2.29804881E-09
     2.23500000E+02   0.00000000E+00   0.00000000E+00   0.00000000E+00   2.29003717E-09
     2.24000000E+02   0.00000000E+00   0.00000000E+00   0.00000000E+00   2.28204530E-09
     2.24500000E+02   0.00000000E+00   0.00000000E+00   0.00000000E+00   2.27407298E-09
     2.25000000E+02   0.00000000E+00   0.00000000E+00   0.00000000E+00   2.26612005E-09
     2.25500000E+02   0.00000000E+00   0.00000000E+00   0.00000000E+00   2.25818640E-09
     2.26000000E+02   0.00000000E+00   0.00000000E+00   0.00000000E+00   2.25027192E-09
     2.26500000E+02   0.00000000E+00   0.00000000E+00   0.00000000E+00   2.24237654E-09
     2.27000000E+02   0.00000000E+00   0.00000000E+00   0.00000000E+00   2.23450020E-09
     2.27500000E+02   0.00000000E+00   0.00000000E+00   0.00000000E+00   2.22664283E-09
     2.28000000E+02   0.00000000E+00   0.00000000E+00   0.00000000E+00   2.21880438E-09
     2.28500000E+02   0.00000000E+00   0.00000000E+00   0.00000000E+00   2.21098481E-09
     2.29000000E+02   0.00000000E+00   0.00000000E+00   0.00000000E+00   2.20318407E-09
     2.29500000E+02   0.00000000E+00   0.00000000E+00   0.00000000E+00   2.19540212E-09
     2.30000000E+02   0.00000000E+00   0.00000000E+00   0.00000000E+00   2.18763892E-09
     2.30500000E+02   0.00000000E+00   0.00000000E+00   0.00000000E+00   2.17989443E-09
     2.31000000E+02   0.00000000E+00   0.00000000E+00   0.00000000E+00   2.17216861E-09
     2.31500000E+02   0.00000000E+00   0.00000000E+00   0.00000000E+00   2.16446142E-09
     2.32000000E+02   0.00000000E+00   0.00000000E+00   0.00000000E+00   2.15677283E-09
     2.32500000E+02   0.00000000E+00   0.00000000E+00   0.00000000E+00   2.14910280E-09
     2.33000000E+02   0.00000000E+00   0.00000000E+00   0.00000000E+00   2.14145129E-09
     2.33500000E+02   0.00000000E+00   0.00000000E+00   0.00000000E+00   2.13381827E-09
     2.34000000E+02   0.00000000E+00   0.00000000E+00   0.00000000E+00   2.12620370E-09
     2.34500000E+02   0.00000000E+00   0.00000000E+00   0.00000000E+00   2.11860754E-09
     2.35000000E+02   0.00000000E+00   0.00000000E+00   0.00000000E+00   2.11102976E-09
     2.35500000E+02   0.00000000E+00   0.00000000E+00   0.00000000E+00   2.10347032E-09
     2.36000000E+02   0.00000000E+00   0.00000000E+00   0.00000000E+00   2.09592919E-09
     2.36500000E+02   0.00000000E+00   0.00000000E+00   0.00000000E+00   2.08840634E-09
     2.37000000E+02   0.00000000E+00   0.00000000E+00   0.00000000E+00   2.08090172E-09
     2.37500000E+02   0.00000000E+00   0.00000000E+00   0.00000000E+00   2.07341530E-09
     2.38000000E+02   0.00000000E+00   0.00000000E+00   0.00000000E+00   2.06594704E-09
     2.38500000E+02   0.00000000E+00   0.00000000E+00   0.00000000E+00   2.05849692E-09
     2.39000000E+02   0.00000000E+00   0.00000000E+00   0.00000000E+00   2.05106490E-09
     2.39500000E+02   0.00000000E+00   0.00000000E+00   0.00000000E+00   2.04365093E-09
     2.40000000E+02   0.00000000E+00   0.00000000E+00   0.00000000E+00   2.03625499E-09
     2.40500000E+02   0.00000000E+00   0.00000000E+00   0.00000000E+00   2.02887705E-09
     2.41000000E+02   0.00000000E+00   0.00000000E+00   0.00000000E+00   2.02151706E-09
     2.41500000E+02   0.00000000E+00   0.00000000E+00   0.00000000E+00   2.01417499E-09
     2.42000000E+02   0.00000000E+00   0.00000000E+00   0.00000000E+00   2.00685080E-09
     2.42500000E+02   0.00000000E+00   0.00000000E+00   0.00000000E+00   1.99954447E-09
     2.43000000E+02   0.00000000E+00   0.00000000E+00   0.00000000E+00   1.99225595E-09
     2.43500000E+02   0.00000000E+00   0.00000000E+00   0.00000000E+00   1.98498522E-09
     2.44000000E+02   0.00000000E+00   0.00000000E+00   0.00000000E+00   1.97773223E-09
     2.44500000E+02   0.00000000E+00   0.00000000E+00   0.00000000E+00   1.97049695E-09
     2.45000000E+02   0.00000000E+00   0.00000000E+00   0.00000000E+00   1.96327936E-09
     2.45500000E+02   0.00000000E+00   0.00000000E+00   0.00000000E+00   1.95607940E-09
     2.46000000E+02   0.00000000E+00   0.00000000E+00   0.00000000E+00   1.94889705E-09
     2.46500000E+02   0.00000000E+00   0.00000000E+00   0.00000000E+00   1.94173228E-09
     2.47000000E+02   0.00000000E+00   0.00000000E+00   0.00000000E+00   1.93458505E-09
     2.47500000E+02   0.00000000E+00   0.00000000E+00   0.00000000E+00   1.92745533E-09
     2.48000000E+02   0.00000000E+00   0.00000000E+00   0.00000000E+00   1.92034307E-09
     2.48500000E+02   0.00000000E+00   0.00000000E+00   0.00000000E+00   1.91324826E-09
     2.49000000E+02   0.00000000E+00   0.00000000E+00   0.00000000E+00   1.90617084E-09
     2.49500000E+02   0.00000000E+00   0.00000000E+00   0.00000000E+00   1.89911080E-09
     2.50000000E+02   0.00000000E+00   0.00000000E+00   0.00000000E+00   1.89206809E-09
